armhf: ok
2023-01-15 05:08:45 URL:http://mirrors.tuna.tsinghua.edu.cn/debian/dists/bullseye/InRelease [116054/116054] -> "/home/radxa/debian/rootfs/var/lib/apt/lists/partial/mirrors.tuna.tsinghua.edu.cn_debian_dists_bullseye_InRelease" [1]
gpgv: Signature made Sat 17 Dec 2022 10:15:20 AM UTC
gpgv:                using RSA key 0146DC6D4A0B2914BDED34DB648ACFD622F3D138
gpgv: Good signature from "Debian Archive Automatic Signing Key (10/buster) <ftpmaster@debian.org>"
gpgv: Signature made Sat 17 Dec 2022 10:15:21 AM UTC
gpgv:                using RSA key A7236886F3CCCAAD148A27F80E98404D386FA1D9
gpgv: Good signature from "Debian Archive Automatic Signing Key (11/bullseye) <ftpmaster@debian.org>"
gpgv: Signature made Sat 17 Dec 2022 10:20:04 AM UTC
gpgv:                using RSA key A4285295FC7B1A81600062A9605C66F00D6C9793
gpgv:                issuer "debian-release@lists.debian.org"
gpgv: Good signature from "Debian Stable Release Key (11/bullseye) <debian-release@lists.debian.org>"
2023-01-15 05:08:47 URL:http://mirrors.tuna.tsinghua.edu.cn/debian/dists/bullseye/main/binary-armhf/by-hash/SHA256/ba960fa5d4178671db25ac4be29a375496edb695aac902f99c04aa482a60a379 [7944712/7944712] -> "/home/radxa/debian/rootfs/var/lib/apt/lists/partial/mirrors.tuna.tsinghua.edu.cn_debian_dists_bullseye_main_binary-armhf_Packages.xz" [1]
2023-01-15 05:09:29 URL:http://mirrors.tuna.tsinghua.edu.cn/debian/pool/main/a/acl/libacl1_2.2.53-10_armhf.deb [28548/28548] -> "/home/radxa/debian/rootfs//var/cache/apt/archives/partial/libacl1_2.2.53-10_armhf.deb" [1]
2023-01-15 05:09:30 URL:http://mirrors.tuna.tsinghua.edu.cn/debian/pool/main/a/adduser/adduser_3.118_all.deb [240384/240384] -> "/home/radxa/debian/rootfs//var/cache/apt/archives/partial/adduser_3.118_all.deb" [1]
2023-01-15 05:09:30 URL:http://mirrors.tuna.tsinghua.edu.cn/debian/pool/main/a/apparmor/libapparmor1_2.13.6-10_armhf.deb [94456/94456] -> "/home/radxa/debian/rootfs//var/cache/apt/archives/partial/libapparmor1_2.13.6-10_armhf.deb" [1]
2023-01-15 05:09:31 URL:http://mirrors.tuna.tsinghua.edu.cn/debian/pool/main/a/apt/apt_2.2.4_armhf.deb [1440672/1440672] -> "/home/radxa/debian/rootfs//var/cache/apt/archives/partial/apt_2.2.4_armhf.deb" [1]
2023-01-15 05:09:32 URL:http://mirrors.tuna.tsinghua.edu.cn/debian/pool/main/a/apt/apt-utils_2.2.4_armhf.deb [424000/424000] -> "/home/radxa/debian/rootfs//var/cache/apt/archives/partial/apt-utils_2.2.4_armhf.deb" [1]
2023-01-15 05:09:32 URL:http://mirrors.tuna.tsinghua.edu.cn/debian/pool/main/a/apt/libapt-pkg6.0_2.2.4_armhf.deb [938140/938140] -> "/home/radxa/debian/rootfs//var/cache/apt/archives/partial/libapt-pkg6.0_2.2.4_armhf.deb" [1]
2023-01-15 05:09:33 URL:http://mirrors.tuna.tsinghua.edu.cn/debian/pool/main/a/argon2/libargon2-1_0~20171227-0.2_armhf.deb [20404/20404] -> "/home/radxa/debian/rootfs//var/cache/apt/archives/partial/libargon2-1_0~20171227-0.2_armhf.deb" [1]
2023-01-15 05:09:33 URL:http://mirrors.tuna.tsinghua.edu.cn/debian/pool/main/a/attr/libattr1_2.4.48-6_armhf.deb [20624/20624] -> "/home/radxa/debian/rootfs//var/cache/apt/archives/partial/libattr1_1%3a2.4.48-6_armhf.deb" [1]
2023-01-15 05:09:33 URL:http://mirrors.tuna.tsinghua.edu.cn/debian/pool/main/a/audit/libaudit-common_3.0-2_all.deb [14832/14832] -> "/home/radxa/debian/rootfs//var/cache/apt/archives/partial/libaudit-common_1%3a3.0-2_all.deb" [1]
2023-01-15 05:09:34 URL:http://mirrors.tuna.tsinghua.edu.cn/debian/pool/main/a/audit/libaudit1_3.0-2_armhf.deb [47320/47320] -> "/home/radxa/debian/rootfs//var/cache/apt/archives/partial/libaudit1_1%3a3.0-2_armhf.deb" [1]
2023-01-15 05:09:34 URL:http://mirrors.tuna.tsinghua.edu.cn/debian/pool/main/b/base-files/base-files_11.1+deb11u6_armhf.deb [70140/70140] -> "/home/radxa/debian/rootfs//var/cache/apt/archives/partial/base-files_11.1+deb11u6_armhf.deb" [1]
2023-01-15 05:09:34 URL:http://mirrors.tuna.tsinghua.edu.cn/debian/pool/main/b/base-passwd/base-passwd_3.5.51_armhf.deb [56860/56860] -> "/home/radxa/debian/rootfs//var/cache/apt/archives/partial/base-passwd_3.5.51_armhf.deb" [1]
2023-01-15 05:09:35 URL:http://mirrors.tuna.tsinghua.edu.cn/debian/pool/main/b/bash/bash_5.1-2+deb11u1_armhf.deb [1350684/1350684] -> "/home/radxa/debian/rootfs//var/cache/apt/archives/partial/bash_5.1-2+deb11u1_armhf.deb" [1]
2023-01-15 05:09:36 URL:http://mirrors.tuna.tsinghua.edu.cn/debian/pool/main/b/bind9-libs/libdns-export1110_9.11.19+dfsg-2.1_armhf.deb [916480/916480] -> "/home/radxa/debian/rootfs//var/cache/apt/archives/partial/libdns-export1110_1%3a9.11.19+dfsg-2.1_armhf.deb" [1]
2023-01-15 05:09:36 URL:http://mirrors.tuna.tsinghua.edu.cn/debian/pool/main/b/bind9-libs/libisc-export1105_9.11.19+dfsg-2.1_armhf.deb [379108/379108] -> "/home/radxa/debian/rootfs//var/cache/apt/archives/partial/libisc-export1105_1%3a9.11.19+dfsg-2.1_armhf.deb" [1]
2023-01-15 05:09:37 URL:http://mirrors.tuna.tsinghua.edu.cn/debian/pool/main/b/bzip2/libbz2-1.0_1.0.8-4_armhf.deb [44568/44568] -> "/home/radxa/debian/rootfs//var/cache/apt/archives/partial/libbz2-1.0_1.0.8-4_armhf.deb" [1]
2023-01-15 05:09:37 URL:http://mirrors.tuna.tsinghua.edu.cn/debian/pool/main/c/cdebconf/libdebconfclient0_0.260_armhf.deb [50176/50176] -> "/home/radxa/debian/rootfs//var/cache/apt/archives/partial/libdebconfclient0_0.260_armhf.deb" [1]
2023-01-15 05:09:38 URL:http://mirrors.tuna.tsinghua.edu.cn/debian/pool/main/c/coreutils/coreutils_8.32-4_armhf.deb [2722820/2722820] -> "/home/radxa/debian/rootfs//var/cache/apt/archives/partial/coreutils_8.32-4_armhf.deb" [1]
2023-01-15 05:09:39 URL:http://mirrors.tuna.tsinghua.edu.cn/debian/pool/main/c/cpio/cpio_2.13+dfsg-4_armhf.deb [235452/235452] -> "/home/radxa/debian/rootfs//var/cache/apt/archives/partial/cpio_2.13+dfsg-4_armhf.deb" [1]
2023-01-15 05:09:39 URL:http://mirrors.tuna.tsinghua.edu.cn/debian/pool/main/c/cron/cron_3.0pl1-137_armhf.deb [96152/96152] -> "/home/radxa/debian/rootfs//var/cache/apt/archives/partial/cron_3.0pl1-137_armhf.deb" [1]
2023-01-15 05:09:39 URL:http://mirrors.tuna.tsinghua.edu.cn/debian/pool/main/c/cryptsetup/libcryptsetup12_2.3.7-1+deb11u1_armhf.deb [227236/227236] -> "/home/radxa/debian/rootfs//var/cache/apt/archives/partial/libcryptsetup12_2%3a2.3.7-1+deb11u1_armhf.deb" [1]
2023-01-15 05:09:40 URL:http://mirrors.tuna.tsinghua.edu.cn/debian/pool/main/d/dash/dash_0.5.11+git20200708+dd9ef66-5_armhf.deb [107832/107832] -> "/home/radxa/debian/rootfs//var/cache/apt/archives/partial/dash_0.5.11+git20200708+dd9ef66-5_armhf.deb" [1]
2023-01-15 05:09:41 URL:http://mirrors.tuna.tsinghua.edu.cn/debian/pool/main/d/db5.3/libdb5.3_5.3.28+dfsg1-0.8_armhf.deb [595660/595660] -> "/home/radxa/debian/rootfs//var/cache/apt/archives/partial/libdb5.3_5.3.28+dfsg1-0.8_armhf.deb" [1]
2023-01-15 05:09:41 URL:http://mirrors.tuna.tsinghua.edu.cn/debian/pool/main/d/debconf/debconf_1.5.77_all.deb [144080/144080] -> "/home/radxa/debian/rootfs//var/cache/apt/archives/partial/debconf_1.5.77_all.deb" [1]
2023-01-15 05:09:42 URL:http://mirrors.tuna.tsinghua.edu.cn/debian/pool/main/d/debconf/debconf-i18n_1.5.77_all.deb [205868/205868] -> "/home/radxa/debian/rootfs//var/cache/apt/archives/partial/debconf-i18n_1.5.77_all.deb" [1]
2023-01-15 05:09:42 URL:http://mirrors.tuna.tsinghua.edu.cn/debian/pool/main/d/debian-archive-keyring/debian-archive-keyring_2021.1.1_all.deb [93592/93592] -> "/home/radxa/debian/rootfs//var/cache/apt/archives/partial/debian-archive-keyring_2021.1.1_all.deb" [1]
2023-01-15 05:09:43 URL:http://mirrors.tuna.tsinghua.edu.cn/debian/pool/main/d/debianutils/debianutils_4.11.2_armhf.deb [100104/100104] -> "/home/radxa/debian/rootfs//var/cache/apt/archives/partial/debianutils_4.11.2_armhf.deb" [1]
2023-01-15 05:09:43 URL:http://mirrors.tuna.tsinghua.edu.cn/debian/pool/main/d/diffutils/diffutils_3.7-5_armhf.deb [355000/355000] -> "/home/radxa/debian/rootfs//var/cache/apt/archives/partial/diffutils_1%3a3.7-5_armhf.deb" [1]
2023-01-15 05:09:43 URL:http://mirrors.tuna.tsinghua.edu.cn/debian/pool/main/d/dmidecode/dmidecode_3.3-2_armhf.deb [51440/51440] -> "/home/radxa/debian/rootfs//var/cache/apt/archives/partial/dmidecode_3.3-2_armhf.deb" [1]
2023-01-15 05:09:44 URL:http://mirrors.tuna.tsinghua.edu.cn/debian/pool/main/d/dpkg/dpkg_1.20.12_armhf.deb [2491816/2491816] -> "/home/radxa/debian/rootfs//var/cache/apt/archives/partial/dpkg_1.20.12_armhf.deb" [1]
2023-01-15 05:09:45 URL:http://mirrors.tuna.tsinghua.edu.cn/debian/pool/main/e/e2fsprogs/e2fsprogs_1.46.2-2_armhf.deb [591416/591416] -> "/home/radxa/debian/rootfs//var/cache/apt/archives/partial/e2fsprogs_1.46.2-2_armhf.deb" [1]
2023-01-15 05:09:45 URL:http://mirrors.tuna.tsinghua.edu.cn/debian/pool/main/e/e2fsprogs/libcom-err2_1.46.2-2_armhf.deb [73408/73408] -> "/home/radxa/debian/rootfs//var/cache/apt/archives/partial/libcom-err2_1.46.2-2_armhf.deb" [1]
2023-01-15 05:09:46 URL:http://mirrors.tuna.tsinghua.edu.cn/debian/pool/main/e/e2fsprogs/libext2fs2_1.46.2-2_armhf.deb [241096/241096] -> "/home/radxa/debian/rootfs//var/cache/apt/archives/partial/libext2fs2_1.46.2-2_armhf.deb" [1]
2023-01-15 05:09:46 URL:http://mirrors.tuna.tsinghua.edu.cn/debian/pool/main/e/e2fsprogs/libss2_1.46.2-2_armhf.deb [76936/76936] -> "/home/radxa/debian/rootfs//var/cache/apt/archives/partial/libss2_1.46.2-2_armhf.deb" [1]
2023-01-15 05:09:47 URL:http://mirrors.tuna.tsinghua.edu.cn/debian/pool/main/e/e2fsprogs/logsave_1.46.2-2_armhf.deb [74392/74392] -> "/home/radxa/debian/rootfs//var/cache/apt/archives/partial/logsave_1.46.2-2_armhf.deb" [1]
2023-01-15 05:09:47 URL:http://mirrors.tuna.tsinghua.edu.cn/debian/pool/main/e/elfutils/libelf1_0.183-1_armhf.deb [160752/160752] -> "/home/radxa/debian/rootfs//var/cache/apt/archives/partial/libelf1_0.183-1_armhf.deb" [1]
2023-01-15 05:09:48 URL:http://mirrors.tuna.tsinghua.edu.cn/debian/pool/main/f/findutils/findutils_4.8.0-1_armhf.deb [677376/677376] -> "/home/radxa/debian/rootfs//var/cache/apt/archives/partial/findutils_4.8.0-1_armhf.deb" [1]
2023-01-15 05:09:48 URL:http://mirrors.tuna.tsinghua.edu.cn/debian/pool/main/g/gcc-10/gcc-10-base_10.2.1-6_armhf.deb [201312/201312] -> "/home/radxa/debian/rootfs//var/cache/apt/archives/partial/gcc-10-base_10.2.1-6_armhf.deb" [1]
2023-01-15 05:09:48 URL:http://mirrors.tuna.tsinghua.edu.cn/debian/pool/main/g/gcc-10/libgcc-s1_10.2.1-6_armhf.deb [36200/36200] -> "/home/radxa/debian/rootfs//var/cache/apt/archives/partial/libgcc-s1_10.2.1-6_armhf.deb" [1]
2023-01-15 05:09:49 URL:http://mirrors.tuna.tsinghua.edu.cn/debian/pool/main/g/gcc-10/libstdc++6_10.2.1-6_armhf.deb [420924/420924] -> "/home/radxa/debian/rootfs//var/cache/apt/archives/partial/libstdc++6_10.2.1-6_armhf.deb" [1]
2023-01-15 05:09:50 URL:http://mirrors.tuna.tsinghua.edu.cn/debian/pool/main/g/gcc-9/gcc-9-base_9.3.0-22_armhf.deb [198292/198292] -> "/home/radxa/debian/rootfs//var/cache/apt/archives/partial/gcc-9-base_9.3.0-22_armhf.deb" [1]
2023-01-15 05:09:50 URL:http://mirrors.tuna.tsinghua.edu.cn/debian/pool/main/g/glibc/libc-bin_2.31-13+deb11u5_armhf.deb [721936/721936] -> "/home/radxa/debian/rootfs//var/cache/apt/archives/partial/libc-bin_2.31-13+deb11u5_armhf.deb" [1]
2023-01-15 05:09:51 URL:http://mirrors.tuna.tsinghua.edu.cn/debian/pool/main/g/glibc/libc6_2.31-13+deb11u5_armhf.deb [2331104/2331104] -> "/home/radxa/debian/rootfs//var/cache/apt/archives/partial/libc6_2.31-13+deb11u5_armhf.deb" [1]
2023-01-15 05:09:52 URL:http://mirrors.tuna.tsinghua.edu.cn/debian/pool/main/g/gmp/libgmp10_6.2.1+dfsg-1+deb11u1_armhf.deb [515860/515860] -> "/home/radxa/debian/rootfs//var/cache/apt/archives/partial/libgmp10_2%3a6.2.1+dfsg-1+deb11u1_armhf.deb" [1]
2023-01-15 05:09:52 URL:http://mirrors.tuna.tsinghua.edu.cn/debian/pool/main/g/gnupg2/gpgv_2.2.27-2+deb11u2_armhf.deb [597324/597324] -> "/home/radxa/debian/rootfs//var/cache/apt/archives/partial/gpgv_2.2.27-2+deb11u2_armhf.deb" [1]
2023-01-15 05:09:53 URL:http://mirrors.tuna.tsinghua.edu.cn/debian/pool/main/g/gnutls28/libgnutls30_3.7.1-5+deb11u2_armhf.deb [1281592/1281592] -> "/home/radxa/debian/rootfs//var/cache/apt/archives/partial/libgnutls30_3.7.1-5+deb11u2_armhf.deb" [1]
2023-01-15 05:09:53 URL:http://mirrors.tuna.tsinghua.edu.cn/debian/pool/main/g/grep/grep_3.6-1_armhf.deb [386760/386760] -> "/home/radxa/debian/rootfs//var/cache/apt/archives/partial/grep_3.6-1_armhf.deb" [1]
2023-01-15 05:09:54 URL:http://mirrors.tuna.tsinghua.edu.cn/debian/pool/main/g/gzip/gzip_1.10-4+deb11u1_armhf.deb [128224/128224] -> "/home/radxa/debian/rootfs//var/cache/apt/archives/partial/gzip_1.10-4+deb11u1_armhf.deb" [1]
2023-01-15 05:09:54 URL:http://mirrors.tuna.tsinghua.edu.cn/debian/pool/main/h/hostname/hostname_3.23_armhf.deb [14068/14068] -> "/home/radxa/debian/rootfs//var/cache/apt/archives/partial/hostname_3.23_armhf.deb" [1]
2023-01-15 05:09:55 URL:http://mirrors.tuna.tsinghua.edu.cn/debian/pool/main/i/ifupdown/ifupdown_0.8.36_armhf.deb [77804/77804] -> "/home/radxa/debian/rootfs//var/cache/apt/archives/partial/ifupdown_0.8.36_armhf.deb" [1]
2023-01-15 05:09:55 URL:http://mirrors.tuna.tsinghua.edu.cn/debian/pool/main/i/init-system-helpers/init_1.60_armhf.deb [15252/15252] -> "/home/radxa/debian/rootfs//var/cache/apt/archives/partial/init_1.60_armhf.deb" [1]
2023-01-15 05:09:55 URL:http://mirrors.tuna.tsinghua.edu.cn/debian/pool/main/i/init-system-helpers/init-system-helpers_1.60_all.deb [47076/47076] -> "/home/radxa/debian/rootfs//var/cache/apt/archives/partial/init-system-helpers_1.60_all.deb" [1]
2023-01-15 05:09:56 URL:http://mirrors.tuna.tsinghua.edu.cn/debian/pool/main/i/iproute2/iproute2_5.10.0-4_armhf.deb [879628/879628] -> "/home/radxa/debian/rootfs//var/cache/apt/archives/partial/iproute2_5.10.0-4_armhf.deb" [1]
2023-01-15 05:09:56 URL:http://mirrors.tuna.tsinghua.edu.cn/debian/pool/main/i/iptables/libip4tc2_1.8.7-1_armhf.deb [32616/32616] -> "/home/radxa/debian/rootfs//var/cache/apt/archives/partial/libip4tc2_1.8.7-1_armhf.deb" [1]
2023-01-15 05:09:57 URL:http://mirrors.tuna.tsinghua.edu.cn/debian/pool/main/i/iptables/libxtables12_1.8.7-1_armhf.deb [42408/42408] -> "/home/radxa/debian/rootfs//var/cache/apt/archives/partial/libxtables12_1.8.7-1_armhf.deb" [1]
2023-01-15 05:09:57 URL:http://mirrors.tuna.tsinghua.edu.cn/debian/pool/main/i/iputils/iputils-ping_20210202-1_armhf.deb [47708/47708] -> "/home/radxa/debian/rootfs//var/cache/apt/archives/partial/iputils-ping_3%3a20210202-1_armhf.deb" [1]
2023-01-15 05:09:57 URL:http://mirrors.tuna.tsinghua.edu.cn/debian/pool/main/i/isc-dhcp/isc-dhcp-client_4.4.1-2.3+deb11u1_armhf.deb [317408/317408] -> "/home/radxa/debian/rootfs//var/cache/apt/archives/partial/isc-dhcp-client_4.4.1-2.3+deb11u1_armhf.deb" [1]
2023-01-15 05:09:58 URL:http://mirrors.tuna.tsinghua.edu.cn/debian/pool/main/i/isc-dhcp/isc-dhcp-common_4.4.1-2.3+deb11u1_armhf.deb [144760/144760] -> "/home/radxa/debian/rootfs//var/cache/apt/archives/partial/isc-dhcp-common_4.4.1-2.3+deb11u1_armhf.deb" [1]
2023-01-15 05:09:58 URL:http://mirrors.tuna.tsinghua.edu.cn/debian/pool/main/j/jansson/libjansson4_2.13.1-1.1_armhf.deb [35908/35908] -> "/home/radxa/debian/rootfs//var/cache/apt/archives/partial/libjansson4_2.13.1-1.1_armhf.deb" [1]
2023-01-15 05:09:59 URL:http://mirrors.tuna.tsinghua.edu.cn/debian/pool/main/j/json-c/libjson-c5_0.15-2_armhf.deb [38984/38984] -> "/home/radxa/debian/rootfs//var/cache/apt/archives/partial/libjson-c5_0.15-2_armhf.deb" [1]
2023-01-15 05:09:59 URL:http://mirrors.tuna.tsinghua.edu.cn/debian/pool/main/k/keyutils/libkeyutils1_1.6.1-2_armhf.deb [14392/14392] -> "/home/radxa/debian/rootfs//var/cache/apt/archives/partial/libkeyutils1_1.6.1-2_armhf.deb" [1]
2023-01-15 05:09:59 URL:http://mirrors.tuna.tsinghua.edu.cn/debian/pool/main/k/kmod/kmod_28-1_armhf.deb [82488/82488] -> "/home/radxa/debian/rootfs//var/cache/apt/archives/partial/kmod_28-1_armhf.deb" [1]
2023-01-15 05:10:00 URL:http://mirrors.tuna.tsinghua.edu.cn/debian/pool/main/k/kmod/libkmod2_28-1_armhf.deb [48548/48548] -> "/home/radxa/debian/rootfs//var/cache/apt/archives/partial/libkmod2_28-1_armhf.deb" [1]
2023-01-15 05:10:00 URL:http://mirrors.tuna.tsinghua.edu.cn/debian/pool/main/k/krb5/libgssapi-krb5-2_1.18.3-6+deb11u3_armhf.deb [143460/143460] -> "/home/radxa/debian/rootfs//var/cache/apt/archives/partial/libgssapi-krb5-2_1.18.3-6+deb11u3_armhf.deb" [1]
2023-01-15 05:10:01 URL:http://mirrors.tuna.tsinghua.edu.cn/debian/pool/main/k/krb5/libk5crypto3_1.18.3-6+deb11u3_armhf.deb [110088/110088] -> "/home/radxa/debian/rootfs//var/cache/apt/archives/partial/libk5crypto3_1.18.3-6+deb11u3_armhf.deb" [1]
2023-01-15 05:10:01 URL:http://mirrors.tuna.tsinghua.edu.cn/debian/pool/main/k/krb5/libkrb5-3_1.18.3-6+deb11u3_armhf.deb [319308/319308] -> "/home/radxa/debian/rootfs//var/cache/apt/archives/partial/libkrb5-3_1.18.3-6+deb11u3_armhf.deb" [1]
2023-01-15 05:10:02 URL:http://mirrors.tuna.tsinghua.edu.cn/debian/pool/main/k/krb5/libkrb5support0_1.18.3-6+deb11u3_armhf.deb [62620/62620] -> "/home/radxa/debian/rootfs//var/cache/apt/archives/partial/libkrb5support0_1.18.3-6+deb11u3_armhf.deb" [1]
2023-01-15 05:10:02 URL:http://mirrors.tuna.tsinghua.edu.cn/debian/pool/main/l/less/less_551-2_armhf.deb [125528/125528] -> "/home/radxa/debian/rootfs//var/cache/apt/archives/partial/less_551-2_armhf.deb" [1]
2023-01-15 05:10:02 URL:http://mirrors.tuna.tsinghua.edu.cn/debian/pool/main/libb/libbpf/libbpf0_0.3-2_armhf.deb [84372/84372] -> "/home/radxa/debian/rootfs//var/cache/apt/archives/partial/libbpf0_1%3a0.3-2_armhf.deb" [1]
2023-01-15 05:10:03 URL:http://mirrors.tuna.tsinghua.edu.cn/debian/pool/main/libb/libbsd/libbsd0_0.11.3-1_armhf.deb [103416/103416] -> "/home/radxa/debian/rootfs//var/cache/apt/archives/partial/libbsd0_0.11.3-1_armhf.deb" [1]
2023-01-15 05:10:03 URL:http://mirrors.tuna.tsinghua.edu.cn/debian/pool/main/libc/libcap-ng/libcap-ng0_0.7.9-2.2+b1_armhf.deb [13468/13468] -> "/home/radxa/debian/rootfs//var/cache/apt/archives/partial/libcap-ng0_0.7.9-2.2+b1_armhf.deb" [1]
2023-01-15 05:10:03 URL:http://mirrors.tuna.tsinghua.edu.cn/debian/pool/main/libc/libcap2/libcap2_2.44-1_armhf.deb [21180/21180] -> "/home/radxa/debian/rootfs//var/cache/apt/archives/partial/libcap2_1%3a2.44-1_armhf.deb" [1]
2023-01-15 05:10:04 URL:http://mirrors.tuna.tsinghua.edu.cn/debian/pool/main/libc/libcap2/libcap2-bin_2.44-1_armhf.deb [31668/31668] -> "/home/radxa/debian/rootfs//var/cache/apt/archives/partial/libcap2-bin_1%3a2.44-1_armhf.deb" [1]
2023-01-15 05:10:04 URL:http://mirrors.tuna.tsinghua.edu.cn/debian/pool/main/libe/libedit/libedit2_3.1-20191231-2+b1_armhf.deb [81060/81060] -> "/home/radxa/debian/rootfs//var/cache/apt/archives/partial/libedit2_3.1-20191231-2+b1_armhf.deb" [1]
2023-01-15 05:10:05 URL:http://mirrors.tuna.tsinghua.edu.cn/debian/pool/main/libe/libestr/libestr0_0.1.10-2.1+b1_armhf.deb [8432/8432] -> "/home/radxa/debian/rootfs//var/cache/apt/archives/partial/libestr0_0.1.10-2.1+b1_armhf.deb" [1]
2023-01-15 05:10:05 URL:http://mirrors.tuna.tsinghua.edu.cn/debian/pool/main/libf/libfastjson/libfastjson4_0.99.9-1_armhf.deb [25520/25520] -> "/home/radxa/debian/rootfs//var/cache/apt/archives/partial/libfastjson4_0.99.9-1_armhf.deb" [1]
2023-01-15 05:10:06 URL:http://mirrors.tuna.tsinghua.edu.cn/debian/pool/main/libf/libffi/libffi7_3.3-6_armhf.deb [19932/19932] -> "/home/radxa/debian/rootfs//var/cache/apt/archives/partial/libffi7_3.3-6_armhf.deb" [1]
2023-01-15 05:10:07 URL:http://mirrors.tuna.tsinghua.edu.cn/debian/pool/main/libg/libgcrypt20/libgcrypt20_1.8.7-6_armhf.deb [503520/503520] -> "/home/radxa/debian/rootfs//var/cache/apt/archives/partial/libgcrypt20_1.8.7-6_armhf.deb" [1]
2023-01-15 05:10:07 URL:http://mirrors.tuna.tsinghua.edu.cn/debian/pool/main/libg/libgpg-error/libgpg-error0_1.38-2_armhf.deb [69024/69024] -> "/home/radxa/debian/rootfs//var/cache/apt/archives/partial/libgpg-error0_1.38-2_armhf.deb" [1]
2023-01-15 05:10:07 URL:http://mirrors.tuna.tsinghua.edu.cn/debian/pool/main/libi/libidn2/libidn2-0_2.3.0-5_armhf.deb [83392/83392] -> "/home/radxa/debian/rootfs//var/cache/apt/archives/partial/libidn2-0_2.3.0-5_armhf.deb" [1]
2023-01-15 05:10:08 URL:http://mirrors.tuna.tsinghua.edu.cn/debian/pool/main/libl/liblocale-gettext-perl/liblocale-gettext-perl_1.07-4+b1_armhf.deb [18328/18328] -> "/home/radxa/debian/rootfs//var/cache/apt/archives/partial/liblocale-gettext-perl_1.07-4+b1_armhf.deb" [1]
2023-01-15 05:10:08 URL:http://mirrors.tuna.tsinghua.edu.cn/debian/pool/main/libl/liblognorm/liblognorm5_2.0.5-1.1_armhf.deb [56936/56936] -> "/home/radxa/debian/rootfs//var/cache/apt/archives/partial/liblognorm5_2.0.5-1.1_armhf.deb" [1]
2023-01-15 05:10:09 URL:http://mirrors.tuna.tsinghua.edu.cn/debian/pool/main/libm/libmd/libmd0_1.0.3-3_armhf.deb [27400/27400] -> "/home/radxa/debian/rootfs//var/cache/apt/archives/partial/libmd0_1.0.3-3_armhf.deb" [1]
2023-01-15 05:10:09 URL:http://mirrors.tuna.tsinghua.edu.cn/debian/pool/main/libm/libmnl/libmnl0_1.0.4-3_armhf.deb [10860/10860] -> "/home/radxa/debian/rootfs//var/cache/apt/archives/partial/libmnl0_1.0.4-3_armhf.deb" [1]
2023-01-15 05:10:09 URL:http://mirrors.tuna.tsinghua.edu.cn/debian/pool/main/libn/libnftnl/libnftnl11_1.1.9-1_armhf.deb [48964/48964] -> "/home/radxa/debian/rootfs//var/cache/apt/archives/partial/libnftnl11_1.1.9-1_armhf.deb" [1]
2023-01-15 05:10:09 URL:http://mirrors.tuna.tsinghua.edu.cn/debian/pool/main/libn/libnsl/libnsl2_1.3.0-2_armhf.deb [33868/33868] -> "/home/radxa/debian/rootfs//var/cache/apt/archives/partial/libnsl2_1.3.0-2_armhf.deb" [1]
2023-01-15 05:10:10 URL:http://mirrors.tuna.tsinghua.edu.cn/debian/pool/main/libs/libseccomp/libseccomp2_2.5.1-1+deb11u1_armhf.deb [46748/46748] -> "/home/radxa/debian/rootfs//var/cache/apt/archives/partial/libseccomp2_2.5.1-1+deb11u1_armhf.deb" [1]
2023-01-15 05:10:10 URL:http://mirrors.tuna.tsinghua.edu.cn/debian/pool/main/libs/libselinux/libselinux1_3.1-3_armhf.deb [79940/79940] -> "/home/radxa/debian/rootfs//var/cache/apt/archives/partial/libselinux1_3.1-3_armhf.deb" [1]
2023-01-15 05:10:11 URL:http://mirrors.tuna.tsinghua.edu.cn/debian/pool/main/libs/libsemanage/libsemanage-common_3.1-1_all.deb [21308/21308] -> "/home/radxa/debian/rootfs//var/cache/apt/archives/partial/libsemanage-common_3.1-1_all.deb" [1]
2023-01-15 05:10:11 URL:http://mirrors.tuna.tsinghua.edu.cn/debian/pool/main/libs/libsemanage/libsemanage1_3.1-1+b2_armhf.deb [88036/88036] -> "/home/radxa/debian/rootfs//var/cache/apt/archives/partial/libsemanage1_3.1-1+b2_armhf.deb" [1]
2023-01-15 05:10:11 URL:http://mirrors.tuna.tsinghua.edu.cn/debian/pool/main/libs/libsepol/libsepol1_3.1-1_armhf.deb [233964/233964] -> "/home/radxa/debian/rootfs//var/cache/apt/archives/partial/libsepol1_3.1-1_armhf.deb" [1]
2023-01-15 05:10:12 URL:http://mirrors.tuna.tsinghua.edu.cn/debian/pool/main/libt/libtasn1-6/libtasn1-6_4.16.0-2+deb11u1_armhf.deb [50368/50368] -> "/home/radxa/debian/rootfs//var/cache/apt/archives/partial/libtasn1-6_4.16.0-2+deb11u1_armhf.deb" [1]
2023-01-15 05:10:12 URL:http://mirrors.tuna.tsinghua.edu.cn/debian/pool/main/libt/libtext-charwidth-perl/libtext-charwidth-perl_0.04-10+b1_armhf.deb [10324/10324] -> "/home/radxa/debian/rootfs//var/cache/apt/archives/partial/libtext-charwidth-perl_0.04-10+b1_armhf.deb" [1]
2023-01-15 05:10:12 URL:http://mirrors.tuna.tsinghua.edu.cn/debian/pool/main/libt/libtext-iconv-perl/libtext-iconv-perl_1.7-7+b1_armhf.deb [15400/15400] -> "/home/radxa/debian/rootfs//var/cache/apt/archives/partial/libtext-iconv-perl_1.7-7+b1_armhf.deb" [1]
2023-01-15 05:10:13 URL:http://mirrors.tuna.tsinghua.edu.cn/debian/pool/main/libt/libtext-wrapi18n-perl/libtext-wrapi18n-perl_0.06-9_all.deb [8700/8700] -> "/home/radxa/debian/rootfs//var/cache/apt/archives/partial/libtext-wrapi18n-perl_0.06-9_all.deb" [1]
2023-01-15 05:10:13 URL:http://mirrors.tuna.tsinghua.edu.cn/debian/pool/main/libt/libtirpc/libtirpc-common_1.3.1-1+deb11u1_all.deb [13464/13464] -> "/home/radxa/debian/rootfs//var/cache/apt/archives/partial/libtirpc-common_1.3.1-1+deb11u1_all.deb" [1]
2023-01-15 05:10:13 URL:http://mirrors.tuna.tsinghua.edu.cn/debian/pool/main/libt/libtirpc/libtirpc3_1.3.1-1+deb11u1_armhf.deb [72504/72504] -> "/home/radxa/debian/rootfs//var/cache/apt/archives/partial/libtirpc3_1.3.1-1+deb11u1_armhf.deb" [1]
2023-01-15 05:10:14 URL:http://mirrors.tuna.tsinghua.edu.cn/debian/pool/main/libu/libunistring/libunistring2_0.9.10-4_armhf.deb [373556/373556] -> "/home/radxa/debian/rootfs//var/cache/apt/archives/partial/libunistring2_0.9.10-4_armhf.deb" [1]
2023-01-15 05:10:15 URL:http://mirrors.tuna.tsinghua.edu.cn/debian/pool/main/libx/libxcrypt/libcrypt1_4.4.18-4_armhf.deb [95604/95604] -> "/home/radxa/debian/rootfs//var/cache/apt/archives/partial/libcrypt1_1%3a4.4.18-4_armhf.deb" [1]
2023-01-15 05:10:15 URL:http://mirrors.tuna.tsinghua.edu.cn/debian/pool/main/libz/libzstd/libzstd1_1.4.8+dfsg-2.1_armhf.deb [272252/272252] -> "/home/radxa/debian/rootfs//var/cache/apt/archives/partial/libzstd1_1.4.8+dfsg-2.1_armhf.deb" [1]
2023-01-15 05:10:15 URL:http://mirrors.tuna.tsinghua.edu.cn/debian/pool/main/l/logrotate/logrotate_3.18.0-2+deb11u1_armhf.deb [69888/69888] -> "/home/radxa/debian/rootfs//var/cache/apt/archives/partial/logrotate_3.18.0-2+deb11u1_armhf.deb" [1]
2023-01-15 05:10:16 URL:http://mirrors.tuna.tsinghua.edu.cn/debian/pool/main/l/lsb/lsb-base_11.1.0_all.deb [28700/28700] -> "/home/radxa/debian/rootfs//var/cache/apt/archives/partial/lsb-base_11.1.0_all.deb" [1]
2023-01-15 05:10:16 URL:http://mirrors.tuna.tsinghua.edu.cn/debian/pool/main/l/lvm2/dmsetup_1.02.175-2.1_armhf.deb [92052/92052] -> "/home/radxa/debian/rootfs//var/cache/apt/archives/partial/dmsetup_2%3a1.02.175-2.1_armhf.deb" [1]
2023-01-15 05:10:17 URL:http://mirrors.tuna.tsinghua.edu.cn/debian/pool/main/l/lvm2/libdevmapper1.02.1_1.02.175-2.1_armhf.deb [134676/134676] -> "/home/radxa/debian/rootfs//var/cache/apt/archives/partial/libdevmapper1.02.1_2%3a1.02.175-2.1_armhf.deb" [1]
2023-01-15 05:10:17 URL:http://mirrors.tuna.tsinghua.edu.cn/debian/pool/main/l/lz4/liblz4-1_1.9.3-2_armhf.deb [50636/50636] -> "/home/radxa/debian/rootfs//var/cache/apt/archives/partial/liblz4-1_1.9.3-2_armhf.deb" [1]
2023-01-15 05:10:17 URL:http://mirrors.tuna.tsinghua.edu.cn/debian/pool/main/m/mawk/mawk_1.3.4.20200120-2_armhf.deb [101684/101684] -> "/home/radxa/debian/rootfs//var/cache/apt/archives/partial/mawk_1.3.4.20200120-2_armhf.deb" [1]
2023-01-15 05:10:18 URL:http://mirrors.tuna.tsinghua.edu.cn/debian/pool/main/n/nano/nano_5.4-2+deb11u2_armhf.deb [638856/638856] -> "/home/radxa/debian/rootfs//var/cache/apt/archives/partial/nano_5.4-2+deb11u2_armhf.deb" [1]
2023-01-15 05:10:19 URL:http://mirrors.tuna.tsinghua.edu.cn/debian/pool/main/n/ncurses/libncurses6_6.2+20201114-2_armhf.deb [80532/80532] -> "/home/radxa/debian/rootfs//var/cache/apt/archives/partial/libncurses6_6.2+20201114-2_armhf.deb" [1]
2023-01-15 05:10:19 URL:http://mirrors.tuna.tsinghua.edu.cn/debian/pool/main/n/ncurses/libncursesw6_6.2+20201114-2_armhf.deb [106572/106572] -> "/home/radxa/debian/rootfs//var/cache/apt/archives/partial/libncursesw6_6.2+20201114-2_armhf.deb" [1]
2023-01-15 05:10:20 URL:http://mirrors.tuna.tsinghua.edu.cn/debian/pool/main/n/ncurses/libtinfo6_6.2+20201114-2_armhf.deb [327592/327592] -> "/home/radxa/debian/rootfs//var/cache/apt/archives/partial/libtinfo6_6.2+20201114-2_armhf.deb" [1]
2023-01-15 05:10:20 URL:http://mirrors.tuna.tsinghua.edu.cn/debian/pool/main/n/ncurses/ncurses-base_6.2+20201114-2_all.deb [271392/271392] -> "/home/radxa/debian/rootfs//var/cache/apt/archives/partial/ncurses-base_6.2+20201114-2_all.deb" [1]
2023-01-15 05:10:21 URL:http://mirrors.tuna.tsinghua.edu.cn/debian/pool/main/n/ncurses/ncurses-bin_6.2+20201114-2_armhf.deb [419984/419984] -> "/home/radxa/debian/rootfs//var/cache/apt/archives/partial/ncurses-bin_6.2+20201114-2_armhf.deb" [1]
2023-01-15 05:10:21 URL:http://mirrors.tuna.tsinghua.edu.cn/debian/pool/main/n/netbase/netbase_6.3_all.deb [19924/19924] -> "/home/radxa/debian/rootfs//var/cache/apt/archives/partial/netbase_6.3_all.deb" [1]
2023-01-15 05:10:21 URL:http://mirrors.tuna.tsinghua.edu.cn/debian/pool/main/n/nettle/libhogweed6_3.7.3-1_armhf.deb [308444/308444] -> "/home/radxa/debian/rootfs//var/cache/apt/archives/partial/libhogweed6_3.7.3-1_armhf.deb" [1]
2023-01-15 05:10:22 URL:http://mirrors.tuna.tsinghua.edu.cn/debian/pool/main/n/nettle/libnettle8_3.7.3-1_armhf.deb [284000/284000] -> "/home/radxa/debian/rootfs//var/cache/apt/archives/partial/libnettle8_3.7.3-1_armhf.deb" [1]
2023-01-15 05:10:23 URL:http://mirrors.tuna.tsinghua.edu.cn/debian/pool/main/n/newt/libnewt0.52_0.52.21-4+b3_armhf.deb [67028/67028] -> "/home/radxa/debian/rootfs//var/cache/apt/archives/partial/libnewt0.52_0.52.21-4+b3_armhf.deb" [1]
2023-01-15 05:10:23 URL:http://mirrors.tuna.tsinghua.edu.cn/debian/pool/main/n/newt/whiptail_0.52.21-4+b3_armhf.deb [38928/38928] -> "/home/radxa/debian/rootfs//var/cache/apt/archives/partial/whiptail_0.52.21-4+b3_armhf.deb" [1]
2023-01-15 05:10:24 URL:http://mirrors.tuna.tsinghua.edu.cn/debian/pool/main/n/nftables/libnftables1_0.9.8-3.1+deb11u1_armhf.deb [231888/231888] -> "/home/radxa/debian/rootfs//var/cache/apt/archives/partial/libnftables1_0.9.8-3.1+deb11u1_armhf.deb" [1]
2023-01-15 05:10:24 URL:http://mirrors.tuna.tsinghua.edu.cn/debian/pool/main/n/nftables/nftables_0.9.8-3.1+deb11u1_armhf.deb [68052/68052] -> "/home/radxa/debian/rootfs//var/cache/apt/archives/partial/nftables_0.9.8-3.1+deb11u1_armhf.deb" [1]
2023-01-15 05:10:25 URL:http://mirrors.tuna.tsinghua.edu.cn/debian/pool/main/o/openssl/libssl1.1_1.1.1n-0+deb11u3_armhf.deb [1312036/1312036] -> "/home/radxa/debian/rootfs//var/cache/apt/archives/partial/libssl1.1_1.1.1n-0+deb11u3_armhf.deb" [1]
2023-01-15 05:10:25 URL:http://mirrors.tuna.tsinghua.edu.cn/debian/pool/main/p/p11-kit/libp11-kit0_0.23.22-1_armhf.deb [316680/316680] -> "/home/radxa/debian/rootfs//var/cache/apt/archives/partial/libp11-kit0_0.23.22-1_armhf.deb" [1]
2023-01-15 05:10:26 URL:http://mirrors.tuna.tsinghua.edu.cn/debian/pool/main/p/pam/libpam-modules_1.4.0-9+deb11u1_armhf.deb [310828/310828] -> "/home/radxa/debian/rootfs//var/cache/apt/archives/partial/libpam-modules_1.4.0-9+deb11u1_armhf.deb" [1]
2023-01-15 05:10:26 URL:http://mirrors.tuna.tsinghua.edu.cn/debian/pool/main/p/pam/libpam-modules-bin_1.4.0-9+deb11u1_armhf.deb [104752/104752] -> "/home/radxa/debian/rootfs//var/cache/apt/archives/partial/libpam-modules-bin_1.4.0-9+deb11u1_armhf.deb" [1]
2023-01-15 05:10:27 URL:http://mirrors.tuna.tsinghua.edu.cn/debian/pool/main/p/pam/libpam-runtime_1.4.0-9+deb11u1_all.deb [207376/207376] -> "/home/radxa/debian/rootfs//var/cache/apt/archives/partial/libpam-runtime_1.4.0-9+deb11u1_all.deb" [1]
2023-01-15 05:10:27 URL:http://mirrors.tuna.tsinghua.edu.cn/debian/pool/main/p/pam/libpam0g_1.4.0-9+deb11u1_armhf.deb [123872/123872] -> "/home/radxa/debian/rootfs//var/cache/apt/archives/partial/libpam0g_1.4.0-9+deb11u1_armhf.deb" [1]
2023-01-15 05:10:28 URL:http://mirrors.tuna.tsinghua.edu.cn/debian/pool/main/p/pcre2/libpcre2-8-0_10.36-2+deb11u1_armhf.deb [212924/212924] -> "/home/radxa/debian/rootfs//var/cache/apt/archives/partial/libpcre2-8-0_10.36-2+deb11u1_armhf.deb" [1]
2023-01-15 05:10:28 URL:http://mirrors.tuna.tsinghua.edu.cn/debian/pool/main/p/pcre3/libpcre3_8.39-13_armhf.deb [321692/321692] -> "/home/radxa/debian/rootfs//var/cache/apt/archives/partial/libpcre3_2%3a8.39-13_armhf.deb" [1]
2023-01-15 05:10:29 URL:http://mirrors.tuna.tsinghua.edu.cn/debian/pool/main/p/perl/perl-base_5.32.1-4+deb11u2_armhf.deb [1490252/1490252] -> "/home/radxa/debian/rootfs//var/cache/apt/archives/partial/perl-base_5.32.1-4+deb11u2_armhf.deb" [1]
2023-01-15 05:10:30 URL:http://mirrors.tuna.tsinghua.edu.cn/debian/pool/main/p/popt/libpopt0_1.18-2_armhf.deb [46872/46872] -> "/home/radxa/debian/rootfs//var/cache/apt/archives/partial/libpopt0_1.18-2_armhf.deb" [1]
2023-01-15 05:10:30 URL:http://mirrors.tuna.tsinghua.edu.cn/debian/pool/main/p/procps/libprocps8_3.3.17-5_armhf.deb [60668/60668] -> "/home/radxa/debian/rootfs//var/cache/apt/archives/partial/libprocps8_2%3a3.3.17-5_armhf.deb" [1]
2023-01-15 05:10:30 URL:http://mirrors.tuna.tsinghua.edu.cn/debian/pool/main/p/procps/procps_3.3.17-5_armhf.deb [492128/492128] -> "/home/radxa/debian/rootfs//var/cache/apt/archives/partial/procps_2%3a3.3.17-5_armhf.deb" [1]
2023-01-15 05:10:31 URL:http://mirrors.tuna.tsinghua.edu.cn/debian/pool/main/r/readline/libreadline8_8.1-1_armhf.deb [147056/147056] -> "/home/radxa/debian/rootfs//var/cache/apt/archives/partial/libreadline8_8.1-1_armhf.deb" [1]
2023-01-15 05:10:31 URL:http://mirrors.tuna.tsinghua.edu.cn/debian/pool/main/r/readline/readline-common_8.1-1_all.deb [73736/73736] -> "/home/radxa/debian/rootfs//var/cache/apt/archives/partial/readline-common_8.1-1_all.deb" [1]
2023-01-15 05:10:32 URL:http://mirrors.tuna.tsinghua.edu.cn/debian/pool/main/r/rsyslog/rsyslog_8.2102.0-2+deb11u1_armhf.deb [663700/663700] -> "/home/radxa/debian/rootfs//var/cache/apt/archives/partial/rsyslog_8.2102.0-2+deb11u1_armhf.deb" [1]
2023-01-15 05:10:33 URL:http://mirrors.tuna.tsinghua.edu.cn/debian/pool/main/s/sed/sed_4.7-1_armhf.deb [301276/301276] -> "/home/radxa/debian/rootfs//var/cache/apt/archives/partial/sed_4.7-1_armhf.deb" [1]
2023-01-15 05:10:33 URL:http://mirrors.tuna.tsinghua.edu.cn/debian/pool/main/s/sensible-utils/sensible-utils_0.0.14_all.deb [14804/14804] -> "/home/radxa/debian/rootfs//var/cache/apt/archives/partial/sensible-utils_0.0.14_all.deb" [1]
2023-01-15 05:10:34 URL:http://mirrors.tuna.tsinghua.edu.cn/debian/pool/main/s/shadow/login_4.8.1-1_armhf.deb [651468/651468] -> "/home/radxa/debian/rootfs//var/cache/apt/archives/partial/login_1%3a4.8.1-1_armhf.deb" [1]
2023-01-15 05:10:34 URL:http://mirrors.tuna.tsinghua.edu.cn/debian/pool/main/s/shadow/passwd_4.8.1-1_armhf.deb [942772/942772] -> "/home/radxa/debian/rootfs//var/cache/apt/archives/partial/passwd_1%3a4.8.1-1_armhf.deb" [1]
2023-01-15 05:10:35 URL:http://mirrors.tuna.tsinghua.edu.cn/debian/pool/main/s/slang2/libslang2_2.3.2-5_armhf.deb [469980/469980] -> "/home/radxa/debian/rootfs//var/cache/apt/archives/partial/libslang2_2.3.2-5_armhf.deb" [1]
2023-01-15 05:10:35 URL:http://mirrors.tuna.tsinghua.edu.cn/debian/pool/main/s/systemd/libsystemd0_247.3-7+deb11u1_armhf.deb [350896/350896] -> "/home/radxa/debian/rootfs//var/cache/apt/archives/partial/libsystemd0_247.3-7+deb11u1_armhf.deb" [1]
2023-01-15 05:10:36 URL:http://mirrors.tuna.tsinghua.edu.cn/debian/pool/main/s/systemd/libudev1_247.3-7+deb11u1_armhf.deb [161612/161612] -> "/home/radxa/debian/rootfs//var/cache/apt/archives/partial/libudev1_247.3-7+deb11u1_armhf.deb" [1]
2023-01-15 05:10:37 URL:http://mirrors.tuna.tsinghua.edu.cn/debian/pool/main/s/systemd/systemd_247.3-7+deb11u1_armhf.deb [4302528/4302528] -> "/home/radxa/debian/rootfs//var/cache/apt/archives/partial/systemd_247.3-7+deb11u1_armhf.deb" [1]
2023-01-15 05:10:37 URL:http://mirrors.tuna.tsinghua.edu.cn/debian/pool/main/s/systemd/systemd-sysv_247.3-7+deb11u1_armhf.deb [113336/113336] -> "/home/radxa/debian/rootfs//var/cache/apt/archives/partial/systemd-sysv_247.3-7+deb11u1_armhf.deb" [1]
2023-01-15 05:10:38 URL:http://mirrors.tuna.tsinghua.edu.cn/debian/pool/main/s/systemd/udev_247.3-7+deb11u1_armhf.deb [1439880/1439880] -> "/home/radxa/debian/rootfs//var/cache/apt/archives/partial/udev_247.3-7+deb11u1_armhf.deb" [1]
2023-01-15 05:10:38 URL:http://mirrors.tuna.tsinghua.edu.cn/debian/pool/main/s/sysvinit/sysvinit-utils_2.96-7+deb11u1_armhf.deb [24204/24204] -> "/home/radxa/debian/rootfs//var/cache/apt/archives/partial/sysvinit-utils_2.96-7+deb11u1_armhf.deb" [1]
2023-01-15 05:10:39 URL:http://mirrors.tuna.tsinghua.edu.cn/debian/pool/main/t/tar/tar_1.34+dfsg-1_armhf.deb [818628/818628] -> "/home/radxa/debian/rootfs//var/cache/apt/archives/partial/tar_1.34+dfsg-1_armhf.deb" [1]
2023-01-15 05:10:40 URL:http://mirrors.tuna.tsinghua.edu.cn/debian/pool/main/t/tasksel/tasksel_3.68+deb11u1_all.deb [100928/100928] -> "/home/radxa/debian/rootfs//var/cache/apt/archives/partial/tasksel_3.68+deb11u1_all.deb" [1]
2023-01-15 05:10:40 URL:http://mirrors.tuna.tsinghua.edu.cn/debian/pool/main/t/tasksel/tasksel-data_3.68+deb11u1_all.deb [18016/18016] -> "/home/radxa/debian/rootfs//var/cache/apt/archives/partial/tasksel-data_3.68+deb11u1_all.deb" [1]
2023-01-15 05:10:41 URL:http://mirrors.tuna.tsinghua.edu.cn/debian/pool/main/t/tzdata/tzdata_2021a-1+deb11u8_all.deb [283684/283684] -> "/home/radxa/debian/rootfs//var/cache/apt/archives/partial/tzdata_2021a-1+deb11u8_all.deb" [1]
2023-01-15 05:10:41 URL:http://mirrors.tuna.tsinghua.edu.cn/debian/pool/main/u/util-linux/bsdutils_2.36.1-8+deb11u1_armhf.deb [141132/141132] -> "/home/radxa/debian/rootfs//var/cache/apt/archives/partial/bsdutils_1%3a2.36.1-8+deb11u1_armhf.deb" [1]
2023-01-15 05:10:42 URL:http://mirrors.tuna.tsinghua.edu.cn/debian/pool/main/u/util-linux/fdisk_2.36.1-8+deb11u1_armhf.deb [181276/181276] -> "/home/radxa/debian/rootfs//var/cache/apt/archives/partial/fdisk_2.36.1-8+deb11u1_armhf.deb" [1]
2023-01-15 05:10:42 URL:http://mirrors.tuna.tsinghua.edu.cn/debian/pool/main/u/util-linux/libblkid1_2.36.1-8+deb11u1_armhf.deb [180560/180560] -> "/home/radxa/debian/rootfs//var/cache/apt/archives/partial/libblkid1_2.36.1-8+deb11u1_armhf.deb" [1]
2023-01-15 05:10:43 URL:http://mirrors.tuna.tsinghua.edu.cn/debian/pool/main/u/util-linux/libfdisk1_2.36.1-8+deb11u1_armhf.deb [224500/224500] -> "/home/radxa/debian/rootfs//var/cache/apt/archives/partial/libfdisk1_2.36.1-8+deb11u1_armhf.deb" [1]
2023-01-15 05:10:44 URL:http://mirrors.tuna.tsinghua.edu.cn/debian/pool/main/u/util-linux/libmount1_2.36.1-8+deb11u1_armhf.deb [196384/196384] -> "/home/radxa/debian/rootfs//var/cache/apt/archives/partial/libmount1_2.36.1-8+deb11u1_armhf.deb" [1]
2023-01-15 05:10:44 URL:http://mirrors.tuna.tsinghua.edu.cn/debian/pool/main/u/util-linux/libsmartcols1_2.36.1-8+deb11u1_armhf.deb [145476/145476] -> "/home/radxa/debian/rootfs//var/cache/apt/archives/partial/libsmartcols1_2.36.1-8+deb11u1_armhf.deb" [1]
2023-01-15 05:10:44 URL:http://mirrors.tuna.tsinghua.edu.cn/debian/pool/main/u/util-linux/libuuid1_2.36.1-8+deb11u1_armhf.deb [82812/82812] -> "/home/radxa/debian/rootfs//var/cache/apt/archives/partial/libuuid1_2.36.1-8+deb11u1_armhf.deb" [1]
2023-01-15 05:10:45 URL:http://mirrors.tuna.tsinghua.edu.cn/debian/pool/main/u/util-linux/mount_2.36.1-8+deb11u1_armhf.deb [177284/177284] -> "/home/radxa/debian/rootfs//var/cache/apt/archives/partial/mount_2.36.1-8+deb11u1_armhf.deb" [1]
2023-01-15 05:10:46 URL:http://mirrors.tuna.tsinghua.edu.cn/debian/pool/main/u/util-linux/util-linux_2.36.1-8+deb11u1_armhf.deb [1068200/1068200] -> "/home/radxa/debian/rootfs//var/cache/apt/archives/partial/util-linux_2.36.1-8+deb11u1_armhf.deb" [1]
2023-01-15 05:10:46 URL:http://mirrors.tuna.tsinghua.edu.cn/debian/pool/main/v/vim/vim-common_8.2.2434-3+deb11u1_all.deb [226176/226176] -> "/home/radxa/debian/rootfs//var/cache/apt/archives/partial/vim-common_2%3a8.2.2434-3+deb11u1_all.deb" [1]
2023-01-15 05:10:47 URL:http://mirrors.tuna.tsinghua.edu.cn/debian/pool/main/v/vim/vim-tiny_8.2.2434-3+deb11u1_armhf.deb [662728/662728] -> "/home/radxa/debian/rootfs//var/cache/apt/archives/partial/vim-tiny_2%3a8.2.2434-3+deb11u1_armhf.deb" [1]
2023-01-15 05:10:48 URL:http://mirrors.tuna.tsinghua.edu.cn/debian/pool/main/v/vim/xxd_8.2.2434-3+deb11u1_armhf.deb [191772/191772] -> "/home/radxa/debian/rootfs//var/cache/apt/archives/partial/xxd_2%3a8.2.2434-3+deb11u1_armhf.deb" [1]
2023-01-15 05:10:48 URL:http://mirrors.tuna.tsinghua.edu.cn/debian/pool/main/x/xxhash/libxxhash0_0.8.0-2_armhf.deb [23452/23452] -> "/home/radxa/debian/rootfs//var/cache/apt/archives/partial/libxxhash0_0.8.0-2_armhf.deb" [1]
2023-01-15 05:10:48 URL:http://mirrors.tuna.tsinghua.edu.cn/debian/pool/main/x/xz-utils/liblzma5_5.2.5-2.1~deb11u1_armhf.deb [159084/159084] -> "/home/radxa/debian/rootfs//var/cache/apt/archives/partial/liblzma5_5.2.5-2.1~deb11u1_armhf.deb" [1]
2023-01-15 05:10:49 URL:http://mirrors.tuna.tsinghua.edu.cn/debian/pool/main/z/zlib/zlib1g_1.2.11.dfsg-2+deb11u2_armhf.deb [84980/84980] -> "/home/radxa/debian/rootfs//var/cache/apt/archives/partial/zlib1g_1%3a1.2.11.dfsg-2+deb11u2_armhf.deb" [1]
dpkg: warning: parsing file '/var/lib/dpkg/status' near line 5 package 'dpkg':
 missing 'Description' field
dpkg: warning: parsing file '/var/lib/dpkg/status' near line 5 package 'dpkg':
 missing 'Architecture' field
Selecting previously unselected package base-passwd.
(Reading database ... 0 files and directories currently installed.)
Preparing to unpack .../base-passwd_3.5.51_armhf.deb ...
Unpacking base-passwd (3.5.51) ...
dpkg: base-passwd: dependency problems, but configuring anyway as you requested:
 base-passwd depends on libc6 (>= 2.8); however:
  Package libc6 is not installed.
 base-passwd depends on libdebconfclient0 (>= 0.145); however:
  Package libdebconfclient0 is not installed.

Setting up base-passwd (3.5.51) ...
dpkg: warning: parsing file '/var/lib/dpkg/status' near line 24 package 'dpkg':
 missing 'Description' field
dpkg: warning: parsing file '/var/lib/dpkg/status' near line 24 package 'dpkg':
 missing 'Architecture' field
Selecting previously unselected package base-files.
dpkg: regarding .../base-files_11.1+deb11u6_armhf.deb containing base-files, pre-dependency problem:
 base-files pre-depends on awk
  awk is not installed.

dpkg: warning: ignoring pre-dependency problem!
(Reading database ... 41 files and directories currently installed.)
Preparing to unpack .../base-files_11.1+deb11u6_armhf.deb ...
Unpacking base-files (11.1+deb11u6) ...
dpkg: base-files: dependency problems, but configuring anyway as you requested:
 base-files depends on awk; however:
  Package awk is not installed.

Setting up base-files (11.1+deb11u6) ...
dpkg: warning: parsing file '/var/lib/dpkg/status' near line 51 package 'dpkg':
 missing 'Description' field
dpkg: warning: parsing file '/var/lib/dpkg/status' near line 51 package 'dpkg':
 missing 'Architecture' field
dpkg: regarding .../dpkg_1.20.12_armhf.deb containing dpkg, pre-dependency problem:
 dpkg pre-depends on libbz2-1.0
  libbz2-1.0 is not installed.

dpkg: warning: ignoring pre-dependency problem!
dpkg: regarding .../dpkg_1.20.12_armhf.deb containing dpkg, pre-dependency problem:
 dpkg pre-depends on libc6 (>= 2.28)
  libc6 is not installed.

dpkg: warning: ignoring pre-dependency problem!
dpkg: regarding .../dpkg_1.20.12_armhf.deb containing dpkg, pre-dependency problem:
 dpkg pre-depends on liblzma5 (>= 5.2.2)
  liblzma5 is not installed.

dpkg: warning: ignoring pre-dependency problem!
dpkg: regarding .../dpkg_1.20.12_armhf.deb containing dpkg, pre-dependency problem:
 dpkg pre-depends on libselinux1 (>= 3.1~)
  libselinux1 is not installed.

dpkg: warning: ignoring pre-dependency problem!
dpkg: regarding .../dpkg_1.20.12_armhf.deb containing dpkg, pre-dependency problem:
 dpkg pre-depends on zlib1g (>= 1:1.1.4)
  zlib1g is not installed.

dpkg: warning: ignoring pre-dependency problem!
(Reading database ... 121 files and directories currently installed.)
Preparing to unpack .../dpkg_1.20.12_armhf.deb ...
Unpacking dpkg (1.20.12) over (1.20.12) ...
dpkg: dpkg: dependency problems, but configuring anyway as you requested:
 dpkg depends on libbz2-1.0; however:
  Package libbz2-1.0 is not installed.
 dpkg depends on libc6 (>= 2.28); however:
  Package libc6 is not installed.
 dpkg depends on liblzma5 (>= 5.2.2); however:
  Package liblzma5 is not installed.
 dpkg depends on libselinux1 (>= 3.1~); however:
  Package libselinux1 is not installed.
 dpkg depends on zlib1g (>= 1:1.1.4); however:
  Package zlib1g is not installed.
 dpkg depends on tar (>= 1.28-1); however:
  Package tar is not installed.

Setting up dpkg (1.20.12) ...
Selecting previously unselected package libc6:armhf.
(Reading database ... 413 files and directories currently installed.)
Preparing to unpack .../libc6_2.31-13+deb11u5_armhf.deb ...
Unpacking libc6:armhf (2.31-13+deb11u5) ...
dpkg: libc6:armhf: dependency problems, but configuring anyway as you requested:
 libc6:armhf depends on libgcc-s1; however:
  Package libgcc-s1 is not installed.
 libc6:armhf depends on libcrypt1; however:
  Package libcrypt1 is not installed.

Setting up libc6:armhf (2.31-13+deb11u5) ...
Selecting previously unselected package perl-base.
dpkg: regarding .../perl-base_5.32.1-4+deb11u2_armhf.deb containing perl-base, pre-dependency problem:
 perl-base pre-depends on libcrypt1 (>= 1:4.1.0)
  libcrypt1 is not installed.

dpkg: warning: ignoring pre-dependency problem!
(Reading database ... 721 files and directories currently installed.)
Preparing to unpack .../perl-base_5.32.1-4+deb11u2_armhf.deb ...
Unpacking perl-base (5.32.1-4+deb11u2) ...
dpkg: perl-base: dependency problems, but configuring anyway as you requested:
 perl-base depends on libcrypt1 (>= 1:4.1.0); however:
  Package libcrypt1 is not installed.

Setting up perl-base (5.32.1-4+deb11u2) ...
Selecting previously unselected package mawk.
(Reading database ... 1446 files and directories currently installed.)
Preparing to unpack .../mawk_1.3.4.20200120-2_armhf.deb ...
Unpacking mawk (1.3.4.20200120-2) ...
Setting up mawk (1.3.4.20200120-2) ...
Selecting previously unselected package debconf.
(Reading database ... 1465 files and directories currently installed.)
Preparing to unpack .../debconf_1.5.77_all.deb ...
Unpacking debconf (1.5.77) ...
Setting up debconf (1.5.77) ...
Selecting previously unselected package libacl1:armhf.
(Reading database ... 1626 files and directories currently installed.)
Preparing to unpack .../libacl1_2.2.53-10_armhf.deb ...
Unpacking libacl1:armhf (2.2.53-10) ...
Selecting previously unselected package adduser.
Preparing to unpack .../archives/adduser_3.118_all.deb ...
Unpacking adduser (3.118) ...
Selecting previously unselected package apt.
Preparing to unpack .../archives/apt_2.2.4_armhf.deb ...
Unpacking apt (2.2.4) ...
Selecting previously unselected package libapt-pkg6.0:armhf.
Preparing to unpack .../libapt-pkg6.0_2.2.4_armhf.deb ...
Unpacking libapt-pkg6.0:armhf (2.2.4) ...
Selecting previously unselected package libattr1:armhf.
Preparing to unpack .../libattr1_1%3a2.4.48-6_armhf.deb ...
Unpacking libattr1:armhf (1:2.4.48-6) ...
Selecting previously unselected package libaudit-common.
Preparing to unpack .../libaudit-common_1%3a3.0-2_all.deb ...
Unpacking libaudit-common (1:3.0-2) ...
Selecting previously unselected package libaudit1:armhf.
Preparing to unpack .../libaudit1_1%3a3.0-2_armhf.deb ...
Unpacking libaudit1:armhf (1:3.0-2) ...
Preparing to unpack .../base-files_11.1+deb11u6_armhf.deb ...
Unpacking base-files (11.1+deb11u6) over (11.1+deb11u6) ...
Preparing to unpack .../base-passwd_3.5.51_armhf.deb ...
Unpacking base-passwd (3.5.51) over (3.5.51) ...
Selecting previously unselected package bash.
dpkg: regarding .../bash_5.1-2+deb11u1_armhf.deb containing bash, pre-dependency problem:
 bash pre-depends on libtinfo6 (>= 6)
  libtinfo6 is not installed.

dpkg: warning: ignoring pre-dependency problem!
Preparing to unpack .../bash_5.1-2+deb11u1_armhf.deb ...
Unpacking bash (5.1-2+deb11u1) ...
Selecting previously unselected package libbz2-1.0:armhf.
Preparing to unpack .../libbz2-1.0_1.0.8-4_armhf.deb ...
Unpacking libbz2-1.0:armhf (1.0.8-4) ...
Selecting previously unselected package libdebconfclient0:armhf.
Preparing to unpack .../libdebconfclient0_0.260_armhf.deb ...
Unpacking libdebconfclient0:armhf (0.260) ...
Selecting previously unselected package coreutils.
dpkg: regarding .../coreutils_8.32-4_armhf.deb containing coreutils, pre-dependency problem:
 coreutils pre-depends on libacl1 (>= 2.2.23)
  libacl1:armhf is unpacked, but has never been configured.

dpkg: warning: ignoring pre-dependency problem!
dpkg: regarding .../coreutils_8.32-4_armhf.deb containing coreutils, pre-dependency problem:
 coreutils pre-depends on libattr1 (>= 1:2.4.44)
  libattr1:armhf is unpacked, but has never been configured.

dpkg: warning: ignoring pre-dependency problem!
dpkg: regarding .../coreutils_8.32-4_armhf.deb containing coreutils, pre-dependency problem:
 coreutils pre-depends on libgmp10
  libgmp10 is not installed.

dpkg: warning: ignoring pre-dependency problem!
dpkg: regarding .../coreutils_8.32-4_armhf.deb containing coreutils, pre-dependency problem:
 coreutils pre-depends on libselinux1 (>= 3.1~)
  libselinux1 is not installed.

dpkg: warning: ignoring pre-dependency problem!
Preparing to unpack .../coreutils_8.32-4_armhf.deb ...
Unpacking coreutils (8.32-4) ...
Selecting previously unselected package dash.
Preparing to unpack .../dash_0.5.11+git20200708+dd9ef66-5_armhf.deb ...
Unpacking dash (0.5.11+git20200708+dd9ef66-5) ...
Selecting previously unselected package libdb5.3:armhf.
Preparing to unpack .../libdb5.3_5.3.28+dfsg1-0.8_armhf.deb ...
Unpacking libdb5.3:armhf (5.3.28+dfsg1-0.8) ...
Preparing to unpack .../debconf_1.5.77_all.deb ...
Unpacking debconf (1.5.77) over (1.5.77) ...
Selecting previously unselected package debian-archive-keyring.
Preparing to unpack .../debian-archive-keyring_2021.1.1_all.deb ...
Unpacking debian-archive-keyring (2021.1.1) ...
Selecting previously unselected package debianutils.
Preparing to unpack .../debianutils_4.11.2_armhf.deb ...
Unpacking debianutils (4.11.2) ...
Selecting previously unselected package diffutils.
Preparing to unpack .../diffutils_1%3a3.7-5_armhf.deb ...
Unpacking diffutils (1:3.7-5) ...
dpkg: regarding .../dpkg_1.20.12_armhf.deb containing dpkg, pre-dependency problem:
 dpkg pre-depends on libbz2-1.0
  libbz2-1.0:armhf is unpacked, but has never been configured.

dpkg: warning: ignoring pre-dependency problem!
dpkg: regarding .../dpkg_1.20.12_armhf.deb containing dpkg, pre-dependency problem:
 dpkg pre-depends on liblzma5 (>= 5.2.2)
  liblzma5 is not installed.

dpkg: warning: ignoring pre-dependency problem!
dpkg: regarding .../dpkg_1.20.12_armhf.deb containing dpkg, pre-dependency problem:
 dpkg pre-depends on libselinux1 (>= 3.1~)
  libselinux1 is not installed.

dpkg: warning: ignoring pre-dependency problem!
dpkg: regarding .../dpkg_1.20.12_armhf.deb containing dpkg, pre-dependency problem:
 dpkg pre-depends on zlib1g (>= 1:1.1.4)
  zlib1g is not installed.

dpkg: warning: ignoring pre-dependency problem!
Preparing to unpack .../dpkg_1.20.12_armhf.deb ...
Unpacking dpkg (1.20.12) over (1.20.12) ...
Selecting previously unselected package e2fsprogs.
dpkg: regarding .../e2fsprogs_1.46.2-2_armhf.deb containing e2fsprogs, pre-dependency problem:
 e2fsprogs pre-depends on libblkid1 (>= 2.36)
  libblkid1 is not installed.

dpkg: warning: ignoring pre-dependency problem!
dpkg: regarding .../e2fsprogs_1.46.2-2_armhf.deb containing e2fsprogs, pre-dependency problem:
 e2fsprogs pre-depends on libcom-err2 (>= 1.43.9)
  libcom-err2 is not installed.

dpkg: warning: ignoring pre-dependency problem!
dpkg: regarding .../e2fsprogs_1.46.2-2_armhf.deb containing e2fsprogs, pre-dependency problem:
 e2fsprogs pre-depends on libext2fs2 (= 1.46.2-2)
  libext2fs2 is not installed.

dpkg: warning: ignoring pre-dependency problem!
dpkg: regarding .../e2fsprogs_1.46.2-2_armhf.deb containing e2fsprogs, pre-dependency problem:
 e2fsprogs pre-depends on libss2 (>= 1.38)
  libss2 is not installed.

dpkg: warning: ignoring pre-dependency problem!
dpkg: regarding .../e2fsprogs_1.46.2-2_armhf.deb containing e2fsprogs, pre-dependency problem:
 e2fsprogs pre-depends on libuuid1 (>= 2.16)
  libuuid1 is not installed.

dpkg: warning: ignoring pre-dependency problem!
Preparing to unpack .../e2fsprogs_1.46.2-2_armhf.deb ...
Unpacking e2fsprogs (1.46.2-2) ...
Selecting previously unselected package libcom-err2:armhf.
Preparing to unpack .../libcom-err2_1.46.2-2_armhf.deb ...
Unpacking libcom-err2:armhf (1.46.2-2) ...
Selecting previously unselected package libext2fs2:armhf.
Preparing to unpack .../libext2fs2_1.46.2-2_armhf.deb ...
Unpacking libext2fs2:armhf (1.46.2-2) ...
Selecting previously unselected package libss2:armhf.
Preparing to unpack .../libss2_1.46.2-2_armhf.deb ...
Unpacking libss2:armhf (1.46.2-2) ...
Selecting previously unselected package logsave.
Preparing to unpack .../logsave_1.46.2-2_armhf.deb ...
Unpacking logsave (1.46.2-2) ...
Selecting previously unselected package findutils.
dpkg: regarding .../findutils_4.8.0-1_armhf.deb containing findutils, pre-dependency problem:
 findutils pre-depends on libselinux1 (>= 3.1~)
  libselinux1 is not installed.

dpkg: warning: ignoring pre-dependency problem!
Preparing to unpack .../findutils_4.8.0-1_armhf.deb ...
Unpacking findutils (4.8.0-1) ...
Selecting previously unselected package gcc-10-base:armhf.
Preparing to unpack .../gcc-10-base_10.2.1-6_armhf.deb ...
Unpacking gcc-10-base:armhf (10.2.1-6) ...
Selecting previously unselected package libgcc-s1:armhf.
Preparing to unpack .../libgcc-s1_10.2.1-6_armhf.deb ...
Unpacking libgcc-s1:armhf (10.2.1-6) ...
Selecting previously unselected package libstdc++6:armhf.
Preparing to unpack .../libstdc++6_10.2.1-6_armhf.deb ...
Unpacking libstdc++6:armhf (10.2.1-6) ...
Selecting previously unselected package gcc-9-base:armhf.
Preparing to unpack .../gcc-9-base_9.3.0-22_armhf.deb ...
Unpacking gcc-9-base:armhf (9.3.0-22) ...
Selecting previously unselected package libc-bin.
Preparing to unpack .../libc-bin_2.31-13+deb11u5_armhf.deb ...
Unpacking libc-bin (2.31-13+deb11u5) ...
Preparing to unpack .../libc6_2.31-13+deb11u5_armhf.deb ...
Unpacking libc6:armhf (2.31-13+deb11u5) over (2.31-13+deb11u5) ...
Selecting previously unselected package libgmp10:armhf.
Preparing to unpack .../libgmp10_2%3a6.2.1+dfsg-1+deb11u1_armhf.deb ...
Unpacking libgmp10:armhf (2:6.2.1+dfsg-1+deb11u1) ...
Selecting previously unselected package gpgv.
Preparing to unpack .../gpgv_2.2.27-2+deb11u2_armhf.deb ...
Unpacking gpgv (2.2.27-2+deb11u2) ...
Selecting previously unselected package libgnutls30:armhf.
Preparing to unpack .../libgnutls30_3.7.1-5+deb11u2_armhf.deb ...
Unpacking libgnutls30:armhf (3.7.1-5+deb11u2) ...
Selecting previously unselected package grep.
dpkg: regarding .../archives/grep_3.6-1_armhf.deb containing grep, pre-dependency problem:
 grep pre-depends on libpcre3
  libpcre3 is not installed.

dpkg: warning: ignoring pre-dependency problem!
Preparing to unpack .../archives/grep_3.6-1_armhf.deb ...
Unpacking grep (3.6-1) ...
Selecting previously unselected package gzip.
Preparing to unpack .../gzip_1.10-4+deb11u1_armhf.deb ...
Unpacking gzip (1.10-4+deb11u1) ...
Selecting previously unselected package hostname.
Preparing to unpack .../hostname_3.23_armhf.deb ...
Unpacking hostname (3.23) ...
Selecting previously unselected package init-system-helpers.
Preparing to unpack .../init-system-helpers_1.60_all.deb ...
Unpacking init-system-helpers (1.60) ...
Selecting previously unselected package libkeyutils1:armhf.
Preparing to unpack .../libkeyutils1_1.6.1-2_armhf.deb ...
Unpacking libkeyutils1:armhf (1.6.1-2) ...
Selecting previously unselected package libgssapi-krb5-2:armhf.
Preparing to unpack .../libgssapi-krb5-2_1.18.3-6+deb11u3_armhf.deb ...
Unpacking libgssapi-krb5-2:armhf (1.18.3-6+deb11u3) ...
Selecting previously unselected package libk5crypto3:armhf.
Preparing to unpack .../libk5crypto3_1.18.3-6+deb11u3_armhf.deb ...
Unpacking libk5crypto3:armhf (1.18.3-6+deb11u3) ...
Selecting previously unselected package libkrb5-3:armhf.
Preparing to unpack .../libkrb5-3_1.18.3-6+deb11u3_armhf.deb ...
Unpacking libkrb5-3:armhf (1.18.3-6+deb11u3) ...
Selecting previously unselected package libkrb5support0:armhf.
Preparing to unpack .../libkrb5support0_1.18.3-6+deb11u3_armhf.deb ...
Unpacking libkrb5support0:armhf (1.18.3-6+deb11u3) ...
Selecting previously unselected package libcap-ng0:armhf.
Preparing to unpack .../libcap-ng0_0.7.9-2.2+b1_armhf.deb ...
Unpacking libcap-ng0:armhf (0.7.9-2.2+b1) ...
Selecting previously unselected package libffi7:armhf.
Preparing to unpack .../libffi7_3.3-6_armhf.deb ...
Unpacking libffi7:armhf (3.3-6) ...
Selecting previously unselected package libgcrypt20:armhf.
Preparing to unpack .../libgcrypt20_1.8.7-6_armhf.deb ...
Unpacking libgcrypt20:armhf (1.8.7-6) ...
Selecting previously unselected package libgpg-error0:armhf.
Preparing to unpack .../libgpg-error0_1.38-2_armhf.deb ...
Unpacking libgpg-error0:armhf (1.38-2) ...
Selecting previously unselected package libidn2-0:armhf.
Preparing to unpack .../libidn2-0_2.3.0-5_armhf.deb ...
Unpacking libidn2-0:armhf (2.3.0-5) ...
Selecting previously unselected package libnsl2:armhf.
Preparing to unpack .../libnsl2_1.3.0-2_armhf.deb ...
Unpacking libnsl2:armhf (1.3.0-2) ...
Selecting previously unselected package libseccomp2:armhf.
Preparing to unpack .../libseccomp2_2.5.1-1+deb11u1_armhf.deb ...
Unpacking libseccomp2:armhf (2.5.1-1+deb11u1) ...
Selecting previously unselected package libselinux1:armhf.
Preparing to unpack .../libselinux1_3.1-3_armhf.deb ...
Unpacking libselinux1:armhf (3.1-3) ...
Selecting previously unselected package libsemanage-common.
Preparing to unpack .../libsemanage-common_3.1-1_all.deb ...
Unpacking libsemanage-common (3.1-1) ...
Selecting previously unselected package libsemanage1:armhf.
Preparing to unpack .../libsemanage1_3.1-1+b2_armhf.deb ...
Unpacking libsemanage1:armhf (3.1-1+b2) ...
Selecting previously unselected package libsepol1:armhf.
Preparing to unpack .../libsepol1_3.1-1_armhf.deb ...
Unpacking libsepol1:armhf (3.1-1) ...
Selecting previously unselected package libtasn1-6:armhf.
Preparing to unpack .../libtasn1-6_4.16.0-2+deb11u1_armhf.deb ...
Unpacking libtasn1-6:armhf (4.16.0-2+deb11u1) ...
Selecting previously unselected package libtirpc-common.
Preparing to unpack .../libtirpc-common_1.3.1-1+deb11u1_all.deb ...
Unpacking libtirpc-common (1.3.1-1+deb11u1) ...
Selecting previously unselected package libtirpc3:armhf.
Preparing to unpack .../libtirpc3_1.3.1-1+deb11u1_armhf.deb ...
Unpacking libtirpc3:armhf (1.3.1-1+deb11u1) ...
Selecting previously unselected package libunistring2:armhf.
Preparing to unpack .../libunistring2_0.9.10-4_armhf.deb ...
Unpacking libunistring2:armhf (0.9.10-4) ...
Selecting previously unselected package libcrypt1:armhf.
Preparing to unpack .../libcrypt1_1%3a4.4.18-4_armhf.deb ...
Unpacking libcrypt1:armhf (1:4.4.18-4) ...
Selecting previously unselected package libzstd1:armhf.
Preparing to unpack .../libzstd1_1.4.8+dfsg-2.1_armhf.deb ...
Unpacking libzstd1:armhf (1.4.8+dfsg-2.1) ...
Selecting previously unselected package lsb-base.
Preparing to unpack .../lsb-base_11.1.0_all.deb ...
Unpacking lsb-base (11.1.0) ...
Selecting previously unselected package liblz4-1:armhf.
Preparing to unpack .../liblz4-1_1.9.3-2_armhf.deb ...
Unpacking liblz4-1:armhf (1.9.3-2) ...
Preparing to unpack .../mawk_1.3.4.20200120-2_armhf.deb ...
Unpacking mawk (1.3.4.20200120-2) over (1.3.4.20200120-2) ...
Selecting previously unselected package libtinfo6:armhf.
Preparing to unpack .../libtinfo6_6.2+20201114-2_armhf.deb ...
Unpacking libtinfo6:armhf (6.2+20201114-2) ...
Selecting previously unselected package ncurses-base.
Preparing to unpack .../ncurses-base_6.2+20201114-2_all.deb ...
Unpacking ncurses-base (6.2+20201114-2) ...
Selecting previously unselected package ncurses-bin.
dpkg: regarding .../ncurses-bin_6.2+20201114-2_armhf.deb containing ncurses-bin, pre-dependency problem:
 ncurses-bin pre-depends on libtinfo6 (>= 6.2+20200912)
  libtinfo6:armhf is unpacked, but has never been configured.

dpkg: warning: ignoring pre-dependency problem!
dpkg: regarding .../ncurses-bin_6.2+20201114-2_armhf.deb containing ncurses-bin, pre-dependency problem:
 ncurses-bin pre-depends on libtinfo6 (<< 6.3~)
  libtinfo6:armhf is unpacked, but has never been configured.

dpkg: warning: ignoring pre-dependency problem!
Preparing to unpack .../ncurses-bin_6.2+20201114-2_armhf.deb ...
Unpacking ncurses-bin (6.2+20201114-2) ...
Selecting previously unselected package libhogweed6:armhf.
Preparing to unpack .../libhogweed6_3.7.3-1_armhf.deb ...
Unpacking libhogweed6:armhf (3.7.3-1) ...
Selecting previously unselected package libnettle8:armhf.
Preparing to unpack .../libnettle8_3.7.3-1_armhf.deb ...
Unpacking libnettle8:armhf (3.7.3-1) ...
Selecting previously unselected package libssl1.1:armhf.
Preparing to unpack .../libssl1.1_1.1.1n-0+deb11u3_armhf.deb ...
Unpacking libssl1.1:armhf (1.1.1n-0+deb11u3) ...
Selecting previously unselected package libp11-kit0:armhf.
Preparing to unpack .../libp11-kit0_0.23.22-1_armhf.deb ...
Unpacking libp11-kit0:armhf (0.23.22-1) ...
Selecting previously unselected package libpam-modules:armhf.
dpkg: regarding .../libpam-modules_1.4.0-9+deb11u1_armhf.deb containing libpam-modules:armhf, pre-dependency problem:
 libpam-modules pre-depends on libaudit1 (>= 1:2.2.1)
  libaudit1:armhf is unpacked, but has never been configured.

dpkg: warning: ignoring pre-dependency problem!
dpkg: regarding .../libpam-modules_1.4.0-9+deb11u1_armhf.deb containing libpam-modules:armhf, pre-dependency problem:
 libpam-modules pre-depends on libcrypt1 (>= 1:4.3.0)
  libcrypt1:armhf is unpacked, but has never been configured.

dpkg: warning: ignoring pre-dependency problem!
dpkg: regarding .../libpam-modules_1.4.0-9+deb11u1_armhf.deb containing libpam-modules:armhf, pre-dependency problem:
 libpam-modules pre-depends on libdb5.3
  libdb5.3:armhf is unpacked, but has never been configured.

dpkg: warning: ignoring pre-dependency problem!
dpkg: regarding .../libpam-modules_1.4.0-9+deb11u1_armhf.deb containing libpam-modules:armhf, pre-dependency problem:
 libpam-modules pre-depends on libnsl2 (>= 1.0)
  libnsl2:armhf is unpacked, but has never been configured.

dpkg: warning: ignoring pre-dependency problem!
dpkg: regarding .../libpam-modules_1.4.0-9+deb11u1_armhf.deb containing libpam-modules:armhf, pre-dependency problem:
 libpam-modules pre-depends on libpam0g (>= 1.3.2)
  libpam0g is not installed.

dpkg: warning: ignoring pre-dependency problem!
dpkg: regarding .../libpam-modules_1.4.0-9+deb11u1_armhf.deb containing libpam-modules:armhf, pre-dependency problem:
 libpam-modules pre-depends on libselinux1 (>= 3.1~)
  libselinux1:armhf is unpacked, but has never been configured.

dpkg: warning: ignoring pre-dependency problem!
dpkg: regarding .../libpam-modules_1.4.0-9+deb11u1_armhf.deb containing libpam-modules:armhf, pre-dependency problem:
 libpam-modules pre-depends on libtirpc3 (>= 1.0.2)
  libtirpc3:armhf is unpacked, but has never been configured.

dpkg: warning: ignoring pre-dependency problem!
dpkg: regarding .../libpam-modules_1.4.0-9+deb11u1_armhf.deb containing libpam-modules:armhf, pre-dependency problem:
 libpam-modules pre-depends on libpam-modules-bin (= 1.4.0-9+deb11u1)
  libpam-modules-bin is not installed.

dpkg: warning: ignoring pre-dependency problem!
Preparing to unpack .../libpam-modules_1.4.0-9+deb11u1_armhf.deb ...
Unpacking libpam-modules:armhf (1.4.0-9+deb11u1) ...
Selecting previously unselected package libpam-modules-bin.
Preparing to unpack .../libpam-modules-bin_1.4.0-9+deb11u1_armhf.deb ...
Unpacking libpam-modules-bin (1.4.0-9+deb11u1) ...
Selecting previously unselected package libpam-runtime.
Preparing to unpack .../libpam-runtime_1.4.0-9+deb11u1_all.deb ...
Unpacking libpam-runtime (1.4.0-9+deb11u1) ...
Selecting previously unselected package libpam0g:armhf.
Preparing to unpack .../libpam0g_1.4.0-9+deb11u1_armhf.deb ...
Unpacking libpam0g:armhf (1.4.0-9+deb11u1) ...
Selecting previously unselected package libpcre2-8-0:armhf.
Preparing to unpack .../libpcre2-8-0_10.36-2+deb11u1_armhf.deb ...
Unpacking libpcre2-8-0:armhf (10.36-2+deb11u1) ...
Selecting previously unselected package libpcre3:armhf.
Preparing to unpack .../libpcre3_2%3a8.39-13_armhf.deb ...
Unpacking libpcre3:armhf (2:8.39-13) ...
dpkg: regarding .../perl-base_5.32.1-4+deb11u2_armhf.deb containing perl-base, pre-dependency problem:
 perl-base pre-depends on libcrypt1 (>= 1:4.1.0)
  libcrypt1:armhf is unpacked, but has never been configured.

dpkg: warning: ignoring pre-dependency problem!
Preparing to unpack .../perl-base_5.32.1-4+deb11u2_armhf.deb ...
Unpacking perl-base (5.32.1-4+deb11u2) over (5.32.1-4+deb11u2) ...
Selecting previously unselected package sed.
dpkg: regarding .../archives/sed_4.7-1_armhf.deb containing sed, pre-dependency problem:
 sed pre-depends on libacl1 (>= 2.2.51-8)
  libacl1:armhf is unpacked, but has never been configured.

dpkg: warning: ignoring pre-dependency problem!
dpkg: regarding .../archives/sed_4.7-1_armhf.deb containing sed, pre-dependency problem:
 sed pre-depends on libselinux1 (>= 1.32)
  libselinux1:armhf is unpacked, but has never been configured.

dpkg: warning: ignoring pre-dependency problem!
Preparing to unpack .../archives/sed_4.7-1_armhf.deb ...
Unpacking sed (4.7-1) ...
Selecting previously unselected package login.
dpkg: regarding .../login_1%3a4.8.1-1_armhf.deb containing login, pre-dependency problem:
 login pre-depends on libaudit1 (>= 1:2.2.1)
  libaudit1:armhf is unpacked, but has never been configured.

dpkg: warning: ignoring pre-dependency problem!
dpkg: regarding .../login_1%3a4.8.1-1_armhf.deb containing login, pre-dependency problem:
 login pre-depends on libcrypt1 (>= 1:4.1.0)
  libcrypt1:armhf is unpacked, but has never been configured.

dpkg: warning: ignoring pre-dependency problem!
dpkg: regarding .../login_1%3a4.8.1-1_armhf.deb containing login, pre-dependency problem:
 login pre-depends on libpam0g (>= 0.99.7.1)
  libpam0g:armhf is unpacked, but has never been configured.

dpkg: warning: ignoring pre-dependency problem!
dpkg: regarding .../login_1%3a4.8.1-1_armhf.deb containing login, pre-dependency problem:
 login pre-depends on libpam-runtime
  libpam-runtime is unpacked, but has never been configured.

dpkg: warning: ignoring pre-dependency problem!
dpkg: regarding .../login_1%3a4.8.1-1_armhf.deb containing login, pre-dependency problem:
 login pre-depends on libpam-modules (>= 1.1.8-1)
  libpam-modules:armhf is unpacked, but has never been configured.

dpkg: warning: ignoring pre-dependency problem!
Preparing to unpack .../login_1%3a4.8.1-1_armhf.deb ...
Unpacking login (1:4.8.1-1) ...
Selecting previously unselected package passwd.
Preparing to unpack .../passwd_1%3a4.8.1-1_armhf.deb ...
Unpacking passwd (1:4.8.1-1) ...
Selecting previously unselected package libsystemd0:armhf.
dpkg: regarding .../libsystemd0_247.3-7+deb11u1_armhf.deb containing libsystemd0:armhf, pre-dependency problem:
 libsystemd0 pre-depends on libgcrypt20 (>= 1.8.0)
  libgcrypt20:armhf is unpacked, but has never been configured.

dpkg: warning: ignoring pre-dependency problem!
dpkg: regarding .../libsystemd0_247.3-7+deb11u1_armhf.deb containing libsystemd0:armhf, pre-dependency problem:
 libsystemd0 pre-depends on liblz4-1 (>= 0.0~r122)
  liblz4-1:armhf is unpacked, but has never been configured.

dpkg: warning: ignoring pre-dependency problem!
dpkg: regarding .../libsystemd0_247.3-7+deb11u1_armhf.deb containing libsystemd0:armhf, pre-dependency problem:
 libsystemd0 pre-depends on liblzma5 (>= 5.1.1alpha+20120614)
  liblzma5 is not installed.

dpkg: warning: ignoring pre-dependency problem!
dpkg: regarding .../libsystemd0_247.3-7+deb11u1_armhf.deb containing libsystemd0:armhf, pre-dependency problem:
 libsystemd0 pre-depends on libzstd1 (>= 1.4.0)
  libzstd1:armhf is unpacked, but has never been configured.

dpkg: warning: ignoring pre-dependency problem!
Preparing to unpack .../libsystemd0_247.3-7+deb11u1_armhf.deb ...
Unpacking libsystemd0:armhf (247.3-7+deb11u1) ...
Selecting previously unselected package libudev1:armhf.
Preparing to unpack .../libudev1_247.3-7+deb11u1_armhf.deb ...
Unpacking libudev1:armhf (247.3-7+deb11u1) ...
Selecting previously unselected package sysvinit-utils.
Preparing to unpack .../sysvinit-utils_2.96-7+deb11u1_armhf.deb ...
Unpacking sysvinit-utils (2.96-7+deb11u1) ...
Selecting previously unselected package tar.
dpkg: regarding .../tar_1.34+dfsg-1_armhf.deb containing tar, pre-dependency problem:
 tar pre-depends on libacl1 (>= 2.2.23)
  libacl1:armhf is unpacked, but has never been configured.

dpkg: warning: ignoring pre-dependency problem!
dpkg: regarding .../tar_1.34+dfsg-1_armhf.deb containing tar, pre-dependency problem:
 tar pre-depends on libselinux1 (>= 3.1~)
  libselinux1:armhf is unpacked, but has never been configured.

dpkg: warning: ignoring pre-dependency problem!
Preparing to unpack .../tar_1.34+dfsg-1_armhf.deb ...
Unpacking tar (1.34+dfsg-1) ...
Selecting previously unselected package tzdata.
Preparing to unpack .../tzdata_2021a-1+deb11u8_all.deb ...
Unpacking tzdata (2021a-1+deb11u8) ...
Selecting previously unselected package bsdutils.
dpkg: regarding .../bsdutils_1%3a2.36.1-8+deb11u1_armhf.deb containing bsdutils, pre-dependency problem:
 bsdutils pre-depends on libsystemd0
  libsystemd0:armhf is unpacked, but has never been configured.

dpkg: warning: ignoring pre-dependency problem!
Preparing to unpack .../bsdutils_1%3a2.36.1-8+deb11u1_armhf.deb ...
Unpacking bsdutils (1:2.36.1-8+deb11u1) ...
Selecting previously unselected package libblkid1:armhf.
Preparing to unpack .../libblkid1_2.36.1-8+deb11u1_armhf.deb ...
Unpacking libblkid1:armhf (2.36.1-8+deb11u1) ...
Selecting previously unselected package libmount1:armhf.
Preparing to unpack .../libmount1_2.36.1-8+deb11u1_armhf.deb ...
Unpacking libmount1:armhf (2.36.1-8+deb11u1) ...
Selecting previously unselected package libsmartcols1:armhf.
Preparing to unpack .../libsmartcols1_2.36.1-8+deb11u1_armhf.deb ...
Unpacking libsmartcols1:armhf (2.36.1-8+deb11u1) ...
Selecting previously unselected package libuuid1:armhf.
Preparing to unpack .../libuuid1_2.36.1-8+deb11u1_armhf.deb ...
Unpacking libuuid1:armhf (2.36.1-8+deb11u1) ...
Selecting previously unselected package mount.
dpkg: regarding .../mount_2.36.1-8+deb11u1_armhf.deb containing mount, pre-dependency problem:
 mount pre-depends on libblkid1 (>= 2.17.2)
  libblkid1:armhf is unpacked, but has never been configured.

dpkg: warning: ignoring pre-dependency problem!
dpkg: regarding .../mount_2.36.1-8+deb11u1_armhf.deb containing mount, pre-dependency problem:
 mount pre-depends on libmount1 (>= 2.35.1)
  libmount1:armhf is unpacked, but has never been configured.

dpkg: warning: ignoring pre-dependency problem!
dpkg: regarding .../mount_2.36.1-8+deb11u1_armhf.deb containing mount, pre-dependency problem:
 mount pre-depends on libsmartcols1 (>= 2.33)
  libsmartcols1:armhf is unpacked, but has never been configured.

dpkg: warning: ignoring pre-dependency problem!
Preparing to unpack .../mount_2.36.1-8+deb11u1_armhf.deb ...
Unpacking mount (2.36.1-8+deb11u1) ...
Selecting previously unselected package util-linux.
dpkg: regarding .../util-linux_2.36.1-8+deb11u1_armhf.deb containing util-linux, pre-dependency problem:
 util-linux pre-depends on libaudit1 (>= 1:2.2.1)
  libaudit1:armhf is unpacked, but has never been configured.

dpkg: warning: ignoring pre-dependency problem!
dpkg: regarding .../util-linux_2.36.1-8+deb11u1_armhf.deb containing util-linux, pre-dependency problem:
 util-linux pre-depends on libblkid1 (>= 2.31.1)
  libblkid1:armhf is unpacked, but has never been configured.

dpkg: warning: ignoring pre-dependency problem!
dpkg: regarding .../util-linux_2.36.1-8+deb11u1_armhf.deb containing util-linux, pre-dependency problem:
 util-linux pre-depends on libcap-ng0 (>= 0.7.9)
  libcap-ng0:armhf is unpacked, but has never been configured.

dpkg: warning: ignoring pre-dependency problem!
dpkg: regarding .../util-linux_2.36.1-8+deb11u1_armhf.deb containing util-linux, pre-dependency problem:
 util-linux pre-depends on libcrypt1 (>= 1:4.1.0)
  libcrypt1:armhf is unpacked, but has never been configured.

dpkg: warning: ignoring pre-dependency problem!
dpkg: regarding .../util-linux_2.36.1-8+deb11u1_armhf.deb containing util-linux, pre-dependency problem:
 util-linux pre-depends on libmount1 (>= 2.34)
  libmount1:armhf is unpacked, but has never been configured.

dpkg: warning: ignoring pre-dependency problem!
dpkg: regarding .../util-linux_2.36.1-8+deb11u1_armhf.deb containing util-linux, pre-dependency problem:
 util-linux pre-depends on libpam0g (>= 0.99.7.1)
  libpam0g:armhf is unpacked, but has never been configured.

dpkg: warning: ignoring pre-dependency problem!
dpkg: regarding .../util-linux_2.36.1-8+deb11u1_armhf.deb containing util-linux, pre-dependency problem:
 util-linux pre-depends on libselinux1 (>= 3.1~)
  libselinux1:armhf is unpacked, but has never been configured.

dpkg: warning: ignoring pre-dependency problem!
dpkg: regarding .../util-linux_2.36.1-8+deb11u1_armhf.deb containing util-linux, pre-dependency problem:
 util-linux pre-depends on libsmartcols1 (>= 2.34)
  libsmartcols1:armhf is unpacked, but has never been configured.

dpkg: warning: ignoring pre-dependency problem!
dpkg: regarding .../util-linux_2.36.1-8+deb11u1_armhf.deb containing util-linux, pre-dependency problem:
 util-linux pre-depends on libsystemd0
  libsystemd0:armhf is unpacked, but has never been configured.

dpkg: warning: ignoring pre-dependency problem!
dpkg: regarding .../util-linux_2.36.1-8+deb11u1_armhf.deb containing util-linux, pre-dependency problem:
 util-linux pre-depends on libtinfo6 (>= 6)
  libtinfo6:armhf is unpacked, but has never been configured.

dpkg: warning: ignoring pre-dependency problem!
dpkg: regarding .../util-linux_2.36.1-8+deb11u1_armhf.deb containing util-linux, pre-dependency problem:
 util-linux pre-depends on libudev1 (>= 183)
  libudev1:armhf is unpacked, but has never been configured.

dpkg: warning: ignoring pre-dependency problem!
dpkg: regarding .../util-linux_2.36.1-8+deb11u1_armhf.deb containing util-linux, pre-dependency problem:
 util-linux pre-depends on libuuid1 (>= 2.16)
  libuuid1:armhf is unpacked, but has never been configured.

dpkg: warning: ignoring pre-dependency problem!
dpkg: regarding .../util-linux_2.36.1-8+deb11u1_armhf.deb containing util-linux, pre-dependency problem:
 util-linux pre-depends on zlib1g (>= 1:1.1.4)
  zlib1g is not installed.

dpkg: warning: ignoring pre-dependency problem!
Preparing to unpack .../util-linux_2.36.1-8+deb11u1_armhf.deb ...
Unpacking util-linux (2.36.1-8+deb11u1) ...
Selecting previously unselected package libxxhash0:armhf.
Preparing to unpack .../libxxhash0_0.8.0-2_armhf.deb ...
Unpacking libxxhash0:armhf (0.8.0-2) ...
Selecting previously unselected package liblzma5:armhf.
Preparing to unpack .../liblzma5_5.2.5-2.1~deb11u1_armhf.deb ...
Unpacking liblzma5:armhf (5.2.5-2.1~deb11u1) ...
Selecting previously unselected package zlib1g:armhf.
Preparing to unpack .../zlib1g_1%3a1.2.11.dfsg-2+deb11u2_armhf.deb ...
Unpacking zlib1g:armhf (1:1.2.11.dfsg-2+deb11u2) ...
Setting up lsb-base (11.1.0) ...
Setting up libtirpc-common (1.3.1-1+deb11u1) ...
Setting up debian-archive-keyring (2021.1.1) ...
Setting up libaudit-common (1:3.0-2) ...
Setting up libsemanage-common (3.1-1) ...
Setting up gcc-10-base:armhf (10.2.1-6) ...
Setting up ncurses-base (6.2+20201114-2) ...
Setting up gcc-9-base:armhf (9.3.0-22) ...
Setting up libcrypt1:armhf (1:4.4.18-4) ...
Setting up libgcc-s1:armhf (10.2.1-6) ...
Setting up libc6:armhf (2.31-13+deb11u5) ...
Setting up libudev1:armhf (247.3-7+deb11u1) ...
Setting up libsepol1:armhf (3.1-1) ...
Setting up libxxhash0:armhf (0.8.0-2) ...
Setting up libattr1:armhf (1:2.4.48-6) ...
Setting up sysvinit-utils (2.96-7+deb11u1) ...
Setting up libtasn1-6:armhf (4.16.0-2+deb11u1) ...
Setting up debianutils (4.11.2) ...
Setting up mawk (1.3.4.20200120-2) ...
Setting up libdebconfclient0:armhf (0.260) ...
Setting up base-files (11.1+deb11u6) ...
Setting up libbz2-1.0:armhf (1.0.8-4) ...
Setting up base-passwd (3.5.51) ...
Setting up libdb5.3:armhf (5.3.28+dfsg1-0.8) ...
Setting up libblkid1:armhf (2.36.1-8+deb11u1) ...
Setting up libstdc++6:armhf (10.2.1-6) ...
Setting up libtinfo6:armhf (6.2+20201114-2) ...
Setting up bash (5.1-2+deb11u1) ...
update-alternatives: using /usr/share/man/man7/bash-builtins.7.gz to provide /usr/share/man/man7/builtins.7.gz (builtins.7.gz) in auto mode
Setting up libzstd1:armhf (1.4.8+dfsg-2.1) ...
Setting up libkeyutils1:armhf (1.6.1-2) ...
Setting up liblzma5:armhf (5.2.5-2.1~deb11u1) ...
Setting up libgpg-error0:armhf (1.38-2) ...
Setting up liblz4-1:armhf (1.9.3-2) ...
Setting up libc-bin (2.31-13+deb11u5) ...
Setting up ncurses-bin (6.2+20201114-2) ...
Setting up libffi7:armhf (3.3-6) ...
Setting up libacl1:armhf (2.2.53-10) ...
Setting up libunistring2:armhf (0.9.10-4) ...
Setting up libsmartcols1:armhf (2.36.1-8+deb11u1) ...
Setting up libgcrypt20:armhf (1.8.7-6) ...
Setting up zlib1g:armhf (1:1.2.11.dfsg-2+deb11u2) ...
Setting up libidn2-0:armhf (2.3.0-5) ...
Setting up libcom-err2:armhf (1.46.2-2) ...
Setting up diffutils (1:3.7-5) ...
Setting up libseccomp2:armhf (2.5.1-1+deb11u1) ...
Setting up libsystemd0:armhf (247.3-7+deb11u1) ...
Setting up libkrb5support0:armhf (1.18.3-6+deb11u3) ...
Setting up hostname (3.23) ...
Setting up libpcre3:armhf (2:8.39-13) ...
Setting up libcap-ng0:armhf (0.7.9-2.2+b1) ...
Setting up libext2fs2:armhf (1.46.2-2) ...
Setting up libnettle8:armhf (3.7.3-1) ...
Setting up libapt-pkg6.0:armhf (2.2.4) ...
Setting up libgmp10:armhf (2:6.2.1+dfsg-1+deb11u1) ...
Setting up libp11-kit0:armhf (0.23.22-1) ...
Setting up libaudit1:armhf (1:3.0-2) ...
Setting up libuuid1:armhf (2.36.1-8+deb11u1) ...
Setting up libss2:armhf (1.46.2-2) ...
Setting up libpcre2-8-0:armhf (10.36-2+deb11u1) ...
Setting up libk5crypto3:armhf (1.18.3-6+deb11u3) ...
Setting up logsave (1.46.2-2) ...
Setting up gpgv (2.2.27-2+deb11u2) ...
Setting up libhogweed6:armhf (3.7.3-1) ...
Setting up bsdutils (1:2.36.1-8+deb11u1) ...
Setting up e2fsprogs (1.46.2-2) ...
Setting up libselinux1:armhf (3.1-3) ...
Setting up libgnutls30:armhf (3.7.1-5+deb11u2) ...
Setting up sed (4.7-1) ...
Setting up findutils (4.8.0-1) ...
Setting up libmount1:armhf (2.36.1-8+deb11u1) ...
Setting up libsemanage1:armhf (3.1-1+b2) ...
Setting up tar (1.34+dfsg-1) ...
update-alternatives: using /usr/sbin/rmt-tar to provide /usr/sbin/rmt (rmt) in auto mode
Setting up coreutils (8.32-4) ...
Setting up dpkg (1.20.12) ...
Setting up grep (3.6-1) ...
Setting up perl-base (5.32.1-4+deb11u2) ...
Setting up init-system-helpers (1.60) ...
Setting up gzip (1.10-4+deb11u1) ...
Setting up debconf (1.5.77) ...
Setting up tzdata (2021a-1+deb11u8) ...

Current default time zone: 'Etc/UTC'
Local time is now:      Sun Jan 15 05:12:02 UTC 2023.
Universal Time is now:  Sun Jan 15 05:12:02 UTC 2023.
Run 'dpkg-reconfigure tzdata' if you wish to change it.

Setting up libpam0g:armhf (1.4.0-9+deb11u1) ...
Setting up dash (0.5.11+git20200708+dd9ef66-5) ...
No diversion 'diversion of /bin/sh by bash', none removed.
Adding 'diversion of /bin/sh to /bin/sh.distrib by dash'
No diversion 'diversion of /usr/share/man/man1/sh.1.gz by bash', none removed.
Adding 'diversion of /usr/share/man/man1/sh.1.gz to /usr/share/man/man1/sh.distrib.1.gz by dash'
Setting up libssl1.1:armhf (1.1.1n-0+deb11u3) ...
Setting up libpam-modules-bin (1.4.0-9+deb11u1) ...
Setting up libkrb5-3:armhf (1.18.3-6+deb11u3) ...
Setting up libgssapi-krb5-2:armhf (1.18.3-6+deb11u3) ...
Setting up libtirpc3:armhf (1.3.1-1+deb11u1) ...
Setting up libnsl2:armhf (1.3.0-2) ...
Setting up libpam-modules:armhf (1.4.0-9+deb11u1) ...
Setting up passwd (1:4.8.1-1) ...
Shadow passwords are now on.
Setting up libpam-runtime (1.4.0-9+deb11u1) ...
Setting up login (1:4.8.1-1) ...
Setting up adduser (3.118) ...
Setting up apt (2.2.4) ...
Setting up util-linux (2.36.1-8+deb11u1) ...
update-alternatives: using /bin/more to provide /usr/bin/pager (pager) in auto mode
Setting up mount (2.36.1-8+deb11u1) ...
Processing triggers for libc-bin (2.31-13+deb11u5) ...
(Reading database ... 6654 files and directories currently installed.)
Preparing to unpack .../libapparmor1_2.13.6-10_armhf.deb ...
Unpacking libapparmor1:armhf (2.13.6-10) ...
Preparing to unpack .../libargon2-1_0~20171227-0.2_armhf.deb ...
Unpacking libargon2-1:armhf (0~20171227-0.2) ...
Preparing to unpack .../libcryptsetup12_2%3a2.3.7-1+deb11u1_armhf.deb ...
Unpacking libcryptsetup12:armhf (2:2.3.7-1+deb11u1) ...
Preparing to unpack .../libip4tc2_1.8.7-1_armhf.deb ...
Unpacking libip4tc2:armhf (1.8.7-1) ...
Preparing to unpack .../libjson-c5_0.15-2_armhf.deb ...
Unpacking libjson-c5:armhf (0.15-2) ...
Preparing to unpack .../libkmod2_28-1_armhf.deb ...
Unpacking libkmod2:armhf (28-1) ...
Preparing to unpack .../libcap2_1%3a2.44-1_armhf.deb ...
Unpacking libcap2:armhf (1:2.44-1) ...
Preparing to unpack .../dmsetup_2%3a1.02.175-2.1_armhf.deb ...
Unpacking dmsetup (2:1.02.175-2.1) ...
Preparing to unpack .../libdevmapper1.02.1_2%3a1.02.175-2.1_armhf.deb ...
Unpacking libdevmapper1.02.1:armhf (2:1.02.175-2.1) ...
Preparing to unpack .../systemd_247.3-7+deb11u1_armhf.deb ...
Unpacking systemd (247.3-7+deb11u1) ...
Setting up libapparmor1:armhf (2.13.6-10) ...
Setting up libargon2-1:armhf (0~20171227-0.2) ...
Setting up libip4tc2:armhf (1.8.7-1) ...
Setting up libjson-c5:armhf (0.15-2) ...
Setting up libkmod2:armhf (28-1) ...
Setting up libcap2:armhf (1:2.44-1) ...
Setting up libdevmapper1.02.1:armhf (2:1.02.175-2.1) ...
Setting up libcryptsetup12:armhf (2:2.3.7-1+deb11u1) ...
Setting up dmsetup (2:1.02.175-2.1) ...
Setting up systemd (247.3-7+deb11u1) ...
Created symlink /etc/systemd/system/getty.target.wants/getty@tty1.service  /lib/systemd/system/getty@.service.
Created symlink /etc/systemd/system/multi-user.target.wants/remote-fs.target  /lib/systemd/system/remote-fs.target.
Created symlink /etc/systemd/system/sysinit.target.wants/systemd-pstore.service  /lib/systemd/system/systemd-pstore.service.
Initializing machine ID from random generator.
Processing triggers for libc-bin (2.31-13+deb11u5) ...
(Reading database ... 7509 files and directories currently installed.)
Preparing to unpack .../systemd-sysv_247.3-7+deb11u1_armhf.deb ...
Unpacking systemd-sysv (247.3-7+deb11u1) ...
Setting up systemd-sysv (247.3-7+deb11u1) ...
(Reading database ... 7526 files and directories currently installed.)
Preparing to unpack .../apt-utils_2.2.4_armhf.deb ...
Unpacking apt-utils (2.2.4) ...
Preparing to unpack .../libdns-export1110_1%3a9.11.19+dfsg-2.1_armhf.deb ...
Unpacking libdns-export1110 (1:9.11.19+dfsg-2.1) ...
Preparing to unpack .../libisc-export1105_1%3a9.11.19+dfsg-2.1_armhf.deb ...
Unpacking libisc-export1105:armhf (1:9.11.19+dfsg-2.1) ...
Preparing to unpack .../cpio_2.13+dfsg-4_armhf.deb ...
Unpacking cpio (2.13+dfsg-4) ...
Preparing to unpack .../cron_3.0pl1-137_armhf.deb ...
Unpacking cron (3.0pl1-137) ...
Preparing to unpack .../debconf-i18n_1.5.77_all.deb ...
Unpacking debconf-i18n (1.5.77) ...
Preparing to unpack .../dmidecode_3.3-2_armhf.deb ...
Unpacking dmidecode (3.3-2) ...
Preparing to unpack .../libelf1_0.183-1_armhf.deb ...
Unpacking libelf1:armhf (0.183-1) ...
Preparing to unpack .../ifupdown_0.8.36_armhf.deb ...
Unpacking ifupdown (0.8.36) ...
Preparing to unpack .../archives/init_1.60_armhf.deb ...
Unpacking init (1.60) ...
Preparing to unpack .../iproute2_5.10.0-4_armhf.deb ...
Unpacking iproute2 (5.10.0-4) ...
Preparing to unpack .../libxtables12_1.8.7-1_armhf.deb ...
Unpacking libxtables12:armhf (1.8.7-1) ...
Preparing to unpack .../iputils-ping_3%3a20210202-1_armhf.deb ...
Unpacking iputils-ping (3:20210202-1) ...
Preparing to unpack .../isc-dhcp-client_4.4.1-2.3+deb11u1_armhf.deb ...
Unpacking isc-dhcp-client (4.4.1-2.3+deb11u1) ...
Preparing to unpack .../isc-dhcp-common_4.4.1-2.3+deb11u1_armhf.deb ...
Unpacking isc-dhcp-common (4.4.1-2.3+deb11u1) ...
Preparing to unpack .../libjansson4_2.13.1-1.1_armhf.deb ...
Unpacking libjansson4:armhf (2.13.1-1.1) ...
Preparing to unpack .../archives/kmod_28-1_armhf.deb ...
Unpacking kmod (28-1) ...
Preparing to unpack .../archives/less_551-2_armhf.deb ...
Unpacking less (551-2) ...
Preparing to unpack .../libbpf0_1%3a0.3-2_armhf.deb ...
Unpacking libbpf0:armhf (1:0.3-2) ...
Preparing to unpack .../libbsd0_0.11.3-1_armhf.deb ...
Unpacking libbsd0:armhf (0.11.3-1) ...
Preparing to unpack .../libcap2-bin_1%3a2.44-1_armhf.deb ...
Unpacking libcap2-bin (1:2.44-1) ...
Preparing to unpack .../libedit2_3.1-20191231-2+b1_armhf.deb ...
Unpacking libedit2:armhf (3.1-20191231-2+b1) ...
Preparing to unpack .../libestr0_0.1.10-2.1+b1_armhf.deb ...
Unpacking libestr0:armhf (0.1.10-2.1+b1) ...
Preparing to unpack .../libfastjson4_0.99.9-1_armhf.deb ...
Unpacking libfastjson4:armhf (0.99.9-1) ...
Preparing to unpack .../liblocale-gettext-perl_1.07-4+b1_armhf.deb ...
Unpacking liblocale-gettext-perl (1.07-4+b1) ...
Preparing to unpack .../liblognorm5_2.0.5-1.1_armhf.deb ...
Unpacking liblognorm5:armhf (2.0.5-1.1) ...
Preparing to unpack .../libmd0_1.0.3-3_armhf.deb ...
Unpacking libmd0:armhf (1.0.3-3) ...
Preparing to unpack .../libmnl0_1.0.4-3_armhf.deb ...
Unpacking libmnl0:armhf (1.0.4-3) ...
Preparing to unpack .../libnftnl11_1.1.9-1_armhf.deb ...
Unpacking libnftnl11:armhf (1.1.9-1) ...
Preparing to unpack .../libtext-charwidth-perl_0.04-10+b1_armhf.deb ...
Unpacking libtext-charwidth-perl (0.04-10+b1) ...
Preparing to unpack .../libtext-iconv-perl_1.7-7+b1_armhf.deb ...
Unpacking libtext-iconv-perl (1.7-7+b1) ...
Preparing to unpack .../libtext-wrapi18n-perl_0.06-9_all.deb ...
Unpacking libtext-wrapi18n-perl (0.06-9) ...
Preparing to unpack .../logrotate_3.18.0-2+deb11u1_armhf.deb ...
Unpacking logrotate (3.18.0-2+deb11u1) ...
Preparing to unpack .../nano_5.4-2+deb11u2_armhf.deb ...
Unpacking nano (5.4-2+deb11u2) ...
Preparing to unpack .../libncurses6_6.2+20201114-2_armhf.deb ...
Unpacking libncurses6:armhf (6.2+20201114-2) ...
Preparing to unpack .../libncursesw6_6.2+20201114-2_armhf.deb ...
Unpacking libncursesw6:armhf (6.2+20201114-2) ...
Preparing to unpack .../archives/netbase_6.3_all.deb ...
Unpacking netbase (6.3) ...
Preparing to unpack .../libnewt0.52_0.52.21-4+b3_armhf.deb ...
Unpacking libnewt0.52:armhf (0.52.21-4+b3) ...
Preparing to unpack .../whiptail_0.52.21-4+b3_armhf.deb ...
Unpacking whiptail (0.52.21-4+b3) ...
Preparing to unpack .../libnftables1_0.9.8-3.1+deb11u1_armhf.deb ...
Unpacking libnftables1:armhf (0.9.8-3.1+deb11u1) ...
Preparing to unpack .../nftables_0.9.8-3.1+deb11u1_armhf.deb ...
Unpacking nftables (0.9.8-3.1+deb11u1) ...
Preparing to unpack .../libpopt0_1.18-2_armhf.deb ...
Unpacking libpopt0:armhf (1.18-2) ...
Preparing to unpack .../libprocps8_2%3a3.3.17-5_armhf.deb ...
Unpacking libprocps8:armhf (2:3.3.17-5) ...
Preparing to unpack .../procps_2%3a3.3.17-5_armhf.deb ...
Unpacking procps (2:3.3.17-5) ...
Preparing to unpack .../libreadline8_8.1-1_armhf.deb ...
Unpacking libreadline8:armhf (8.1-1) ...
Preparing to unpack .../readline-common_8.1-1_all.deb ...
Unpacking readline-common (8.1-1) ...
Preparing to unpack .../rsyslog_8.2102.0-2+deb11u1_armhf.deb ...
Unpacking rsyslog (8.2102.0-2+deb11u1) ...
Preparing to unpack .../sensible-utils_0.0.14_all.deb ...
Unpacking sensible-utils (0.0.14) ...
Preparing to unpack .../libslang2_2.3.2-5_armhf.deb ...
Unpacking libslang2:armhf (2.3.2-5) ...
Preparing to unpack .../udev_247.3-7+deb11u1_armhf.deb ...
Unpacking udev (247.3-7+deb11u1) ...
Preparing to unpack .../tasksel_3.68+deb11u1_all.deb ...
Unpacking tasksel (3.68+deb11u1) ...
Preparing to unpack .../tasksel-data_3.68+deb11u1_all.deb ...
Unpacking tasksel-data (3.68+deb11u1) ...
Preparing to unpack .../fdisk_2.36.1-8+deb11u1_armhf.deb ...
Unpacking fdisk (2.36.1-8+deb11u1) ...
Preparing to unpack .../libfdisk1_2.36.1-8+deb11u1_armhf.deb ...
Unpacking libfdisk1:armhf (2.36.1-8+deb11u1) ...
Preparing to unpack .../vim-common_2%3a8.2.2434-3+deb11u1_all.deb ...
Unpacking vim-common (2:8.2.2434-3+deb11u1) ...
Preparing to unpack .../vim-tiny_2%3a8.2.2434-3+deb11u1_armhf.deb ...
Unpacking vim-tiny (2:8.2.2434-3+deb11u1) ...
Preparing to unpack .../xxd_2%3a8.2.2434-3+deb11u1_armhf.deb ...
Unpacking xxd (2:8.2.2434-3+deb11u1) ...
Processing triggers for libc-bin (2.31-13+deb11u5) ...
Setting up cpio (2.13+dfsg-4) ...
update-alternatives: using /bin/mt-gnu to provide /bin/mt (mt) in auto mode
Setting up libtext-iconv-perl (1.7-7+b1) ...
Setting up libtext-charwidth-perl (0.04-10+b1) ...
Setting up apt-utils (2.2.4) ...
Setting up init (1.60) ...
Setting up libestr0:armhf (0.1.10-2.1+b1) ...
Setting up libfastjson4:armhf (0.99.9-1) ...
Setting up less (551-2) ...
Setting up kmod (28-1) ...
Setting up libtext-wrapi18n-perl (0.06-9) ...
Setting up xxd (2:8.2.2434-3+deb11u1) ...
Setting up libjansson4:armhf (2.13.1-1.1) ...
Setting up libcap2-bin (1:2.44-1) ...
Setting up libisc-export1105:armhf (1:9.11.19+dfsg-2.1) ...
Setting up vim-common (2:8.2.2434-3+deb11u1) ...
Setting up libslang2:armhf (2.3.2-5) ...
Setting up libncurses6:armhf (6.2+20201114-2) ...
Setting up libmnl0:armhf (1.0.4-3) ...
Setting up udev (247.3-7+deb11u1) ...
A chroot environment has been detected, udev not started.
Setting up libncursesw6:armhf (6.2+20201114-2) ...
Setting up libxtables12:armhf (1.8.7-1) ...
Setting up libfdisk1:armhf (2.36.1-8+deb11u1) ...
Setting up liblognorm5:armhf (2.0.5-1.1) ...
Setting up nano (5.4-2+deb11u2) ...
update-alternatives: using /bin/nano to provide /usr/bin/editor (editor) in auto mode
update-alternatives: using /bin/nano to provide /usr/bin/pico (pico) in auto mode
Setting up libmd0:armhf (1.0.3-3) ...
Setting up sensible-utils (0.0.14) ...
Setting up netbase (6.3) ...
Setting up isc-dhcp-common (4.4.1-2.3+deb11u1) ...
Setting up dmidecode (3.3-2) ...
Setting up libbsd0:armhf (0.11.3-1) ...
Setting up libelf1:armhf (0.183-1) ...
Setting up iputils-ping (3:20210202-1) ...
Setting up readline-common (8.1-1) ...
Setting up liblocale-gettext-perl (1.07-4+b1) ...
Setting up libprocps8:armhf (2:3.3.17-5) ...
Setting up libpopt0:armhf (1.18-2) ...
Setting up logrotate (3.18.0-2+deb11u1) ...
Created symlink /etc/systemd/system/timers.target.wants/logrotate.timer  /lib/systemd/system/logrotate.timer.
Setting up libnewt0.52:armhf (0.52.21-4+b3) ...
Setting up libedit2:armhf (3.1-20191231-2+b1) ...
Setting up libreadline8:armhf (8.1-1) ...
Setting up cron (3.0pl1-137) ...
Adding group `crontab' (GID 107) ...
Done.
Running in chroot, ignoring request.
invoke-rc.d: policy-rc.d denied execution of start.
Created symlink /etc/systemd/system/multi-user.target.wants/cron.service  /lib/systemd/system/cron.service.
Setting up rsyslog (8.2102.0-2+deb11u1) ...
Running in chroot, ignoring request.
invoke-rc.d: policy-rc.d denied execution of start.
Created symlink /etc/systemd/system/syslog.service  /lib/systemd/system/rsyslog.service.
Created symlink /etc/systemd/system/multi-user.target.wants/rsyslog.service  /lib/systemd/system/rsyslog.service.
Setting up libdns-export1110 (1:9.11.19+dfsg-2.1) ...
Setting up debconf-i18n (1.5.77) ...
Setting up libnftnl11:armhf (1.1.9-1) ...
Setting up vim-tiny (2:8.2.2434-3+deb11u1) ...
update-alternatives: using /usr/bin/vim.tiny to provide /usr/bin/rview (rview) in auto mode
update-alternatives: using /usr/bin/vim.tiny to provide /usr/bin/vi (vi) in auto mode
update-alternatives: using /usr/bin/vim.tiny to provide /usr/bin/view (view) in auto mode
update-alternatives: using /usr/bin/vim.tiny to provide /usr/bin/ex (ex) in auto mode
Setting up fdisk (2.36.1-8+deb11u1) ...
Setting up whiptail (0.52.21-4+b3) ...
Setting up procps (2:3.3.17-5) ...
Setting up libbpf0:armhf (1:0.3-2) ...
Setting up libnftables1:armhf (0.9.8-3.1+deb11u1) ...
Setting up nftables (0.9.8-3.1+deb11u1) ...
Setting up iproute2 (5.10.0-4) ...
locale: Cannot set LC_ALL to default locale: No such file or directory
Setting up isc-dhcp-client (4.4.1-2.3+deb11u1) ...
Setting up ifupdown (0.8.36) ...
Creating /etc/network/interfaces.
Created symlink /etc/systemd/system/multi-user.target.wants/networking.service  /lib/systemd/system/networking.service.
Created symlink /etc/systemd/system/network-online.target.wants/networking.service  /lib/systemd/system/networking.service.
Setting up tasksel-data (3.68+deb11u1) ...
Setting up tasksel (3.68+deb11u1) ...
locale: Cannot set LC_ALL to default locale: No such file or directory
Processing triggers for libc-bin (2.31-13+deb11u5) ...
